[    20.401] _XSERVTransSocketUNIXCreateListener: ...SocketCreateListener() failed
[    20.401] _XSERVTransMakeAllCOTSServerListeners: server already running
[    20.402] (--) Log file renamed from "/home/jasper/.local/share/xorg/Xorg.pid-1326.log" to "/home/jasper/.local/share/xorg/Xorg.1.log"
[    20.403] 
X.Org X Server 1.20.5
X Protocol Version 11, Revision 0
[    20.403] Build Operating System: Linux 4.4.0-165-generic x86_64 Ubuntu
[    20.403] Current Operating System: Linux pop-os 5.3.0-7625-generic #27~1576337002~19.10~bc3488b-Ubuntu SMP Sat Dec 14 18:31:03 UTC  x86_64
[    20.403] Kernel command line: BOOT_IMAGE=/boot/vmlinuz-5.3.0-7625-generic root=UUID=950e8d9f-7910-49dc-bd4f-7a2cc05239bc ro quiet splash vt.handoff=7
[    20.403] Build Date: 08 October 2019  09:43:30AM
[    20.403] xorg-server 2:1.20.5+git20191008-0ubuntu1 (For technical support please see http://www.ubuntu.com/support) 
[    20.403] Current version of pixman: 0.38.4
[    20.403] 	Before reporting problems, check http://wiki.x.org
	to make sure that you have the latest version.
[    20.403] Markers: (--) probed, (**) from config file, (==) default setting,
	(++) from command line, (!!) notice, (II) informational,
	(WW) warning, (EE) error, (NI) not implemented, (??) unknown.
[    20.403] (==) Log file: "/home/jasper/.local/share/xorg/Xorg.1.log", Time: Sat Dec 28 13:19:22 2019
[    20.403] (==) Using system config directory "/usr/share/X11/xorg.conf.d"
[    20.403] (==) No Layout section.  Using the first Screen section.
[    20.403] (==) No screen section available. Using defaults.
[    20.403] (**) |-->Screen "Default Screen Section" (0)
[    20.403] (**) |   |-->Monitor "<default monitor>"
[    20.404] (==) No monitor specified for screen "Default Screen Section".
	Using a default monitor configuration.
[    20.404] (==) Automatically adding devices
[    20.404] (==) Automatically enabling devices
[    20.404] (==) Automatically adding GPU devices
[    20.404] (==) Automatically binding GPU devices
[    20.404] (==) Max clients allowed: 256, resource mask: 0x1fffff
[    20.404] (WW) The directory "/usr/share/fonts/X11/cyrillic" does not exist.
[    20.404] 	Entry deleted from font path.
[    20.404] (WW) The directory "/usr/share/fonts/X11/100dpi/" does not exist.
[    20.404] 	Entry deleted from font path.
[    20.404] (WW) The directory "/usr/share/fonts/X11/75dpi/" does not exist.
[    20.404] 	Entry deleted from font path.
[    20.404] (WW) The directory "/usr/share/fonts/X11/100dpi" does not exist.
[    20.404] 	Entry deleted from font path.
[    20.404] (WW) The directory "/usr/share/fonts/X11/75dpi" does not exist.
[    20.404] 	Entry deleted from font path.
[    20.404] (==) FontPath set to:
	/usr/share/fonts/X11/misc,
	/usr/share/fonts/X11/Type1,
	built-ins
[    20.404] (==) ModulePath set to "/usr/lib/xorg/modules"
[    20.404] (II) The server relies on udev to provide the list of input devices.
	If no devices become available, reconfigure udev or disable AutoAddDevices.
[    20.404] (II) Loader magic: 0x55a1f95a5020
[    20.404] (II) Module ABI versions:
[    20.404] 	X.Org ANSI C Emulation: 0.4
[    20.404] 	X.Org Video Driver: 24.0
[    20.404] 	X.Org XInput driver : 24.1
[    20.404] 	X.Org Server Extension : 10.0
[    20.405] (++) using VT number 2

[    20.408] (II) systemd-logind: took control of session /org/freedesktop/login1/session/_32
[    20.409] (II) xfree86: Adding drm device (/dev/dri/card0)
[    20.410] (II) systemd-logind: got fd for /dev/dri/card0 226:0 fd 13 paused 0
[    20.412] (--) PCI:*(0@0:2:0) 8086:5916:17aa:505b rev 2, Mem @ 0xf0000000/16777216, 0xe0000000/268435456, I/O @ 0x0000e000/64, BIOS @ 0x????????/131072
[    20.412] (II) LoadModule: "glx"
[    20.413] (II) Loading /usr/lib/xorg/modules/extensions/libglx.so
[    20.414] (II) Module glx: vendor="X.Org Foundation"
[    20.414] 	compiled for 1.20.5, module version = 1.0.0
[    20.414] 	ABI class: X.Org Server Extension, version 10.0
[    20.414] (==) Matched modesetting as autoconfigured driver 0
[    20.414] (==) Matched fbdev as autoconfigured driver 1
[    20.414] (==) Matched vesa as autoconfigured driver 2
[    20.414] (==) Assigned the driver to the xf86ConfigLayout
[    20.414] (II) LoadModule: "modesetting"
[    20.414] (II) Loading /usr/lib/xorg/modules/drivers/modesetting_drv.so
[    20.414] (II) Module modesetting: vendor="X.Org Foundation"
[    20.414] 	compiled for 1.20.5, module version = 1.20.5
[    20.414] 	Module class: X.Org Video Driver
[    20.414] 	ABI class: X.Org Video Driver, version 24.0
[    20.414] (II) LoadModule: "fbdev"
[    20.414] (II) Loading /usr/lib/xorg/modules/drivers/fbdev_drv.so
[    20.414] (II) Module fbdev: vendor="X.Org Foundation"
[    20.414] 	compiled for 1.20.1, module version = 0.5.0
[    20.414] 	Module class: X.Org Video Driver
[    20.414] 	ABI class: X.Org Video Driver, version 24.0
[    20.414] (II) LoadModule: "vesa"
[    20.414] (II) Loading /usr/lib/xorg/modules/drivers/vesa_drv.so
[    20.414] (II) Module vesa: vendor="X.Org Foundation"
[    20.414] 	compiled for 1.20.4, module version = 2.4.0
[    20.414] 	Module class: X.Org Video Driver
[    20.414] 	ABI class: X.Org Video Driver, version 24.0
[    20.414] (II) modesetting: Driver for Modesetting Kernel Drivers: kms
[    20.414] (II) FBDEV: driver for framebuffer: fbdev
[    20.414] (II) VESA: driver for VESA chipsets: vesa
[    20.414] xf86EnableIOPorts: failed to set IOPL for I/O (Operation not permitted)
[    20.414] (II) modeset(0): using drv /dev/dri/card0
[    20.414] (WW) Falling back to old probe method for fbdev
[    20.414] (II) Loading sub module "fbdevhw"
[    20.414] (II) LoadModule: "fbdevhw"
[    20.415] (II) Loading /usr/lib/xorg/modules/libfbdevhw.so
[    20.415] (II) Module fbdevhw: vendor="X.Org Foundation"
[    20.415] 	compiled for 1.20.5, module version = 0.0.2
[    20.415] 	ABI class: X.Org Video Driver, version 24.0
[    20.415] (EE) open /dev/fb0: Permission denied
[    20.415] (WW) VGA arbiter: cannot open kernel arbiter, no multi-card support
[    20.415] (II) modeset(0): Creating default Display subsection in Screen section
	"Default Screen Section" for depth/fbbpp 24/32
[    20.415] (==) modeset(0): Depth 24, (==) framebuffer bpp 32
[    20.415] (==) modeset(0): RGB weight 888
[    20.415] (==) modeset(0): Default visual is TrueColor
[    20.415] (II) Loading sub module "glamoregl"
[    20.415] (II) LoadModule: "glamoregl"
[    20.415] (II) Loading /usr/lib/xorg/modules/libglamoregl.so
[    20.418] (II) Module glamoregl: vendor="X.Org Foundation"
[    20.418] 	compiled for 1.20.5, module version = 1.0.1
[    20.418] 	ABI class: X.Org ANSI C Emulation, version 0.4
[    20.436] (II) modeset(0): glamor X acceleration enabled on Mesa DRI Intel(R) HD Graphics 620 (Kaby Lake GT2) 
[    20.436] (II) modeset(0): glamor initialized
[    20.503] (II) modeset(0): Output eDP-1 has no monitor section
[    20.507] (II) modeset(0): Output HDMI-1 has no monitor section
[    20.507] (II) modeset(0): Output DP-1 has no monitor section
[    20.699] (II) modeset(0): Output HDMI-2 has no monitor section
[    20.701] (II) modeset(0): EDID for output eDP-1
[    20.701] (II) modeset(0): Manufacturer: CMN  Model: 14c9  Serial#: 0
[    20.701] (II) modeset(0): Year: 2016  Week: 8
[    20.701] (II) modeset(0): EDID Version: 1.4
[    20.701] (II) modeset(0): Digital Display Input
[    20.701] (II) modeset(0): 6 bits per channel
[    20.701] (II) modeset(0): Digital interface is DisplayPort
[    20.701] (II) modeset(0): Max Image Size [cm]: horiz.: 31  vert.: 17
[    20.701] (II) modeset(0): Gamma: 2.20
[    20.701] (II) modeset(0): No DPMS capabilities specified
[    20.701] (II) modeset(0): Supported color encodings: RGB 4:4:4 
[    20.701] (II) modeset(0): First detailed timing is preferred mode
[    20.701] (II) modeset(0): Preferred mode is native pixel format and refresh rate
[    20.701] (II) modeset(0): redX: 0.590 redY: 0.350   greenX: 0.330 greenY: 0.555
[    20.701] (II) modeset(0): blueX: 0.153 blueY: 0.119   whiteX: 0.313 whiteY: 0.329
[    20.701] (II) modeset(0): Manufacturer's mask: 0
[    20.701] (II) modeset(0): Supported detailed timing:
[    20.701] (II) modeset(0): clock: 152.8 MHz   Image Size:  309 x 173 mm
[    20.701] (II) modeset(0): h_active: 1920  h_sync: 2000  h_sync_end 2060 h_blank_end 2250 h_border: 0
[    20.701] (II) modeset(0): v_active: 1080  v_sync: 1086  v_sync_end 1094 v_blanking: 1132 v_border: 0
[    20.701] (II) modeset(0):  N140HCA-EAB
[    20.701] (II) modeset(0):  CMN
[    20.701] (II) modeset(0):  N140HCA-EAB
[    20.701] (II) modeset(0): EDID (in hex):
[    20.701] (II) modeset(0): 	00ffffffffffff000daec91400000000
[    20.701] (II) modeset(0): 	081a0104951f11780228659759548e27
[    20.701] (II) modeset(0): 	1e505400000001010101010101010101
[    20.701] (II) modeset(0): 	010101010101b43b804a71383440503c
[    20.701] (II) modeset(0): 	680035ad10000018000000fe004e3134
[    20.701] (II) modeset(0): 	304843412d4541420a20000000fe0043
[    20.701] (II) modeset(0): 	4d4e0a202020202020202020000000fe
[    20.701] (II) modeset(0): 	004e3134304843412d4541420a20003e
[    20.702] (II) modeset(0): Printing probed modes for output eDP-1
[    20.702] (II) modeset(0): Modeline "1920x1080"x60.0  152.84  1920 2000 2060 2250  1080 1086 1094 1132 -hsync -vsync (67.9 kHz eP)
[    20.702] (II) modeset(0): Modeline "1920x1080"x120.0  356.38  1920 2080 2288 2656  1080 1081 1084 1118 doublescan -hsync +vsync (134.2 kHz d)
[    20.702] (II) modeset(0): Modeline "1920x1080"x119.9  266.50  1920 1944 1960 2000  1080 1081 1084 1111 doublescan +hsync -vsync (133.2 kHz d)
[    20.702] (II) modeset(0): Modeline "1920x1080"x60.0  173.00  1920 2048 2248 2576  1080 1083 1088 1120 -hsync +vsync (67.2 kHz d)
[    20.702] (II) modeset(0): Modeline "1920x1080"x59.9  138.50  1920 1968 2000 2080  1080 1083 1088 1111 +hsync -vsync (66.6 kHz d)
[    20.702] (II) modeset(0): Modeline "1680x1050"x60.0  146.25  1680 1784 1960 2240  1050 1053 1059 1089 -hsync +vsync (65.3 kHz d)
[    20.702] (II) modeset(0): Modeline "1680x1050"x59.9  119.00  1680 1728 1760 1840  1050 1053 1059 1080 +hsync -vsync (64.7 kHz d)
[    20.702] (II) modeset(0): Modeline "1600x1024"x60.2  103.12  1600 1600 1656 1664  1024 1024 1029 1030 +hsync +vsync (62.0 kHz d)
[    20.702] (II) modeset(0): Modeline "1400x1050"x60.0  122.00  1400 1488 1640 1880  1050 1052 1064 1082 +hsync +vsync (64.9 kHz d)
[    20.702] (II) modeset(0): Modeline "1600x900"x120.0  246.00  1600 1728 1900 2200  900 901 904 932 doublescan -hsync +vsync (111.8 kHz d)
[    20.702] (II) modeset(0): Modeline "1600x900"x119.9  186.50  1600 1624 1640 1680  900 901 904 926 doublescan +hsync -vsync (111.0 kHz d)
[    20.702] (II) modeset(0): Modeline "1600x900"x59.9  118.25  1600 1696 1856 2112  900 903 908 934 -hsync +vsync (56.0 kHz d)
[    20.702] (II) modeset(0): Modeline "1600x900"x59.8   97.50  1600 1648 1680 1760  900 903 908 926 +hsync -vsync (55.4 kHz d)
[    20.702] (II) modeset(0): Modeline "1280x1024"x60.0  108.00  1280 1328 1440 1688  1024 1025 1028 1066 +hsync +vsync (64.0 kHz d)
[    20.702] (II) modeset(0): Modeline "1440x900"x59.9  106.50  1440 1520 1672 1904  900 903 909 934 -hsync +vsync (55.9 kHz d)
[    20.702] (II) modeset(0): Modeline "1400x900"x60.0  103.50  1400 1480 1624 1848  900 903 913 934 -hsync +vsync (56.0 kHz d)
[    20.702] (II) modeset(0): Modeline "1400x900"x59.9   86.50  1400 1448 1480 1560  900 903 913 926 +hsync -vsync (55.4 kHz d)
[    20.702] (II) modeset(0): Modeline "1280x960"x60.0  108.00  1280 1376 1488 1800  960 961 964 1000 +hsync +vsync (60.0 kHz d)
[    20.702] (II) modeset(0): Modeline "1440x810"x120.0  198.12  1440 1548 1704 1968  810 811 814 839 doublescan -hsync +vsync (100.7 kHz d)
[    20.702] (II) modeset(0): Modeline "1440x810"x119.9  151.88  1440 1464 1480 1520  810 811 814 833 doublescan +hsync -vsync (99.9 kHz d)
[    20.702] (II) modeset(0): Modeline "1368x768"x59.9   85.25  1368 1440 1576 1784  768 771 781 798 -hsync +vsync (47.8 kHz d)
[    20.702] (II) modeset(0): Modeline "1368x768"x59.9   72.25  1368 1416 1448 1528  768 771 781 790 +hsync -vsync (47.3 kHz d)
[    20.702] (II) modeset(0): Modeline "1360x768"x59.8   84.75  1360 1432 1568 1776  768 771 781 798 -hsync +vsync (47.7 kHz d)
[    20.702] (II) modeset(0): Modeline "1360x768"x60.0   72.00  1360 1408 1440 1520  768 771 781 790 +hsync -vsync (47.4 kHz d)
[    20.702] (II) modeset(0): Modeline "1280x800"x120.0  174.25  1280 1380 1516 1752  800 801 804 829 doublescan -hsync +vsync (99.5 kHz d)
[    20.702] (II) modeset(0): Modeline "1280x800"x119.9  134.25  1280 1304 1320 1360  800 801 804 823 doublescan +hsync -vsync (98.7 kHz d)
[    20.702] (II) modeset(0): Modeline "1280x800"x59.8   83.50  1280 1352 1480 1680  800 803 809 831 -hsync +vsync (49.7 kHz d)
[    20.702] (II) modeset(0): Modeline "1280x800"x59.9   71.00  1280 1328 1360 1440  800 803 809 823 +hsync -vsync (49.3 kHz d)
[    20.702] (II) modeset(0): Modeline "1152x864"x60.0   81.62  1152 1216 1336 1520  864 865 868 895 -hsync +vsync (53.7 kHz d)
[    20.702] (II) modeset(0): Modeline "1280x720"x120.0  156.12  1280 1376 1512 1744  720 721 724 746 doublescan -hsync +vsync (89.5 kHz d)
[    20.702] (II) modeset(0): Modeline "1280x720"x120.0  120.75  1280 1304 1320 1360  720 721 724 740 doublescan +hsync -vsync (88.8 kHz d)
[    20.702] (II) modeset(0): Modeline "1280x720"x59.9   74.50  1280 1344 1472 1664  720 723 728 748 -hsync +vsync (44.8 kHz d)
[    20.702] (II) modeset(0): Modeline "1280x720"x59.7   63.75  1280 1328 1360 1440  720 723 728 741 +hsync -vsync (44.3 kHz d)
[    20.702] (II) modeset(0): Modeline "1024x768"x120.1  133.47  1024 1100 1212 1400  768 768 770 794 doublescan -hsync +vsync (95.3 kHz d)
[    20.702] (II) modeset(0): Modeline "1024x768"x60.0   65.00  1024 1048 1184 1344  768 771 777 806 -hsync -vsync (48.4 kHz d)
[    20.702] (II) modeset(0): Modeline "960x720"x120.0  117.00  960 1024 1128 1300  720 720 722 750 doublescan -hsync +vsync (90.0 kHz d)
[    20.702] (II) modeset(0): Modeline "928x696"x120.1  109.15  928 976 1088 1264  696 696 698 719 doublescan -hsync +vsync (86.4 kHz d)
[    20.703] (II) modeset(0): Modeline "896x672"x120.0  102.40  896 960 1060 1224  672 672 674 697 doublescan -hsync +vsync (83.7 kHz d)
[    20.703] (II) modeset(0): Modeline "1024x576"x119.9   98.50  1024 1092 1200 1376  576 577 580 597 doublescan -hsync +vsync (71.6 kHz d)
[    20.703] (II) modeset(0): Modeline "1024x576"x119.9   78.38  1024 1048 1064 1104  576 577 580 592 doublescan +hsync -vsync (71.0 kHz d)
[    20.703] (II) modeset(0): Modeline "1024x576"x59.9   46.50  1024 1064 1160 1296  576 579 584 599 -hsync +vsync (35.9 kHz d)
[    20.703] (II) modeset(0): Modeline "1024x576"x59.8   42.00  1024 1072 1104 1184  576 579 584 593 +hsync -vsync (35.5 kHz d)
[    20.703] (II) modeset(0): Modeline "960x600"x119.9   96.62  960 1028 1128 1296  600 601 604 622 doublescan -hsync +vsync (74.6 kHz d)
[    20.703] (II) modeset(0): Modeline "960x600"x120.0   77.00  960 984 1000 1040  600 601 604 617 doublescan +hsync -vsync (74.0 kHz d)
[    20.703] (II) modeset(0): Modeline "960x540"x119.9   86.50  960 1024 1124 1288  540 541 544 560 doublescan -hsync +vsync (67.2 kHz d)
[    20.703] (II) modeset(0): Modeline "960x540"x120.0   69.25  960 984 1000 1040  540 541 544 555 doublescan +hsync -vsync (66.6 kHz d)
[    20.703] (II) modeset(0): Modeline "960x540"x59.6   40.75  960 992 1088 1216  540 543 548 562 -hsync +vsync (33.5 kHz d)
[    20.703] (II) modeset(0): Modeline "960x540"x59.8   37.25  960 1008 1040 1120  540 543 548 556 +hsync -vsync (33.3 kHz d)
[    20.703] (II) modeset(0): Modeline "800x600"x120.0   81.00  800 832 928 1080  600 600 602 625 doublescan +hsync +vsync (75.0 kHz d)
[    20.703] (II) modeset(0): Modeline "800x600"x60.3   40.00  800 840 968 1056  600 601 605 628 +hsync +vsync (37.9 kHz d)
[    20.703] (II) modeset(0): Modeline "800x600"x56.2   36.00  800 824 896 1024  600 601 603 625 +hsync +vsync (35.2 kHz d)
[    20.703] (II) modeset(0): Modeline "840x525"x120.0   73.12  840 892 980 1120  525 526 529 544 doublescan -hsync +vsync (65.3 kHz d)
[    20.703] (II) modeset(0): Modeline "840x525"x119.8   59.50  840 864 880 920  525 526 529 540 doublescan +hsync -vsync (64.7 kHz d)
[    20.703] (II) modeset(0): Modeline "864x486"x59.9   32.50  864 888 968 1072  486 489 494 506 -hsync +vsync (30.3 kHz d)
[    20.703] (II) modeset(0): Modeline "864x486"x59.6   30.50  864 912 944 1024  486 489 494 500 +hsync -vsync (29.8 kHz d)
[    20.703] (II) modeset(0): Modeline "800x512"x120.3   51.56  800 800 828 832  512 512 514 515 doublescan +hsync +vsync (62.0 kHz d)
[    20.703] (II) modeset(0): Modeline "700x525"x120.0   61.00  700 744 820 940  525 526 532 541 doublescan +hsync +vsync (64.9 kHz d)
[    20.703] (II) modeset(0): Modeline "800x450"x119.9   59.12  800 848 928 1056  450 451 454 467 doublescan -hsync +vsync (56.0 kHz d)
[    20.703] (II) modeset(0): Modeline "800x450"x119.6   48.75  800 824 840 880  450 451 454 463 doublescan +hsync -vsync (55.4 kHz d)
[    20.703] (II) modeset(0): Modeline "640x512"x120.0   54.00  640 664 720 844  512 512 514 533 doublescan +hsync +vsync (64.0 kHz d)
[    20.703] (II) modeset(0): Modeline "720x450"x119.8   53.25  720 760 836 952  450 451 454 467 doublescan -hsync +vsync (55.9 kHz d)
[    20.703] (II) modeset(0): Modeline "700x450"x119.9   51.75  700 740 812 924  450 451 456 467 doublescan -hsync +vsync (56.0 kHz d)
[    20.703] (II) modeset(0): Modeline "700x450"x119.8   43.25  700 724 740 780  450 451 456 463 doublescan +hsync -vsync (55.4 kHz d)
[    20.703] (II) modeset(0): Modeline "640x480"x120.0   54.00  640 688 744 900  480 480 482 500 doublescan +hsync +vsync (60.0 kHz d)
[    20.703] (II) modeset(0): Modeline "640x480"x59.9   25.18  640 656 752 800  480 490 492 525 -hsync -vsync (31.5 kHz d)
[    20.703] (II) modeset(0): Modeline "720x405"x59.5   22.50  720 744 808 896  405 408 413 422 -hsync +vsync (25.1 kHz d)
[    20.703] (II) modeset(0): Modeline "720x405"x59.0   21.75  720 768 800 880  405 408 413 419 +hsync -vsync (24.7 kHz d)
[    20.703] (II) modeset(0): Modeline "684x384"x119.8   42.62  684 720 788 892  384 385 390 399 doublescan -hsync +vsync (47.8 kHz d)
[    20.703] (II) modeset(0): Modeline "684x384"x119.7   36.12  684 708 724 764  384 385 390 395 doublescan +hsync -vsync (47.3 kHz d)
[    20.703] (II) modeset(0): Modeline "680x384"x119.6   42.38  680 716 784 888  384 385 390 399 doublescan -hsync +vsync (47.7 kHz d)
[    20.703] (II) modeset(0): Modeline "680x384"x119.9   36.00  680 704 720 760  384 385 390 395 doublescan +hsync -vsync (47.4 kHz d)
[    20.703] (II) modeset(0): Modeline "640x400"x119.8   41.75  640 676 740 840  400 401 404 415 doublescan -hsync +vsync (49.7 kHz d)
[    20.703] (II) modeset(0): Modeline "640x400"x120.0   35.50  640 664 680 720  400 401 404 411 doublescan +hsync -vsync (49.3 kHz d)
[    20.703] (II) modeset(0): Modeline "576x432"x120.1   40.81  576 608 668 760  432 432 434 447 doublescan -hsync +vsync (53.7 kHz d)
[    20.703] (II) modeset(0): Modeline "640x360"x119.7   37.25  640 672 736 832  360 361 364 374 doublescan -hsync +vsync (44.8 kHz d)
[    20.703] (II) modeset(0): Modeline "640x360"x119.7   31.88  640 664 680 720  360 361 364 370 doublescan +hsync -vsync (44.3 kHz d)
[    20.703] (II) modeset(0): Modeline "640x360"x59.8   18.00  640 664 720 800  360 363 368 376 -hsync +vsync (22.5 kHz d)
[    20.703] (II) modeset(0): Modeline "640x360"x59.3   17.75  640 688 720 800  360 363 368 374 +hsync -vsync (22.2 kHz d)
[    20.703] (II) modeset(0): Modeline "512x384"x120.0   32.50  512 524 592 672  384 385 388 403 doublescan -hsync -vsync (48.4 kHz d)
[    20.703] (II) modeset(0): Modeline "512x288"x120.0   23.25  512 532 580 648  288 289 292 299 doublescan -hsync +vsync (35.9 kHz d)
[    20.703] (II) modeset(0): Modeline "512x288"x119.8   21.00  512 536 552 592  288 289 292 296 doublescan +hsync -vsync (35.5 kHz d)
[    20.703] (II) modeset(0): Modeline "480x270"x119.3   20.38  480 496 544 608  270 271 274 281 doublescan -hsync +vsync (33.5 kHz d)
[    20.703] (II) modeset(0): Modeline "480x270"x119.6   18.62  480 504 520 560  270 271 274 278 doublescan +hsync -vsync (33.3 kHz d)
[    20.703] (II) modeset(0): Modeline "400x300"x120.6   20.00  400 420 484 528  300 300 302 314 doublescan +hsync +vsync (37.9 kHz d)
[    20.703] (II) modeset(0): Modeline "400x300"x112.7   18.00  400 412 448 512  300 300 301 312 doublescan +hsync +vsync (35.2 kHz d)
[    20.703] (II) modeset(0): Modeline "432x243"x119.8   16.25  432 444 484 536  243 244 247 253 doublescan -hsync +vsync (30.3 kHz d)
[    20.704] (II) modeset(0): Modeline "432x243"x119.1   15.25  432 456 472 512  243 244 247 250 doublescan +hsync -vsync (29.8 kHz d)
[    20.704] (II) modeset(0): Modeline "320x240"x120.1   12.59  320 328 376 400  240 245 246 262 doublescan -hsync -vsync (31.5 kHz d)
[    20.704] (II) modeset(0): Modeline "360x202"x119.0   11.25  360 372 404 448  202 204 206 211 doublescan -hsync +vsync (25.1 kHz d)
[    20.704] (II) modeset(0): Modeline "360x202"x118.3   10.88  360 384 400 440  202 204 206 209 doublescan +hsync -vsync (24.7 kHz d)
[    20.704] (II) modeset(0): Modeline "320x180"x119.7    9.00  320 332 360 400  180 181 184 188 doublescan -hsync +vsync (22.5 kHz d)
[    20.704] (II) modeset(0): Modeline "320x180"x118.6    8.88  320 344 360 400  180 181 184 187 doublescan +hsync -vsync (22.2 kHz d)
[    20.707] (II) modeset(0): EDID for output HDMI-1
[    20.707] (II) modeset(0): EDID for output DP-1
[    20.899] (II) modeset(0): EDID for output HDMI-2
[    20.899] (II) modeset(0): Output eDP-1 connected
[    20.899] (II) modeset(0): Output HDMI-1 disconnected
[    20.900] (II) modeset(0): Output DP-1 disconnected
[    20.900] (II) modeset(0): Output HDMI-2 disconnected
[    20.900] (II) modeset(0): Using exact sizes for initial modes
[    20.900] (II) modeset(0): Output eDP-1 using initial mode 1920x1080 +0+0
[    20.900] (==) modeset(0): Using gamma correction (1.0, 1.0, 1.0)
[    20.900] (==) modeset(0): DPI set to (96, 96)
[    20.900] (II) Loading sub module "fb"
[    20.900] (II) LoadModule: "fb"
[    20.900] (II) Loading /usr/lib/xorg/modules/libfb.so
[    20.900] (II) Module fb: vendor="X.Org Foundation"
[    20.900] 	compiled for 1.20.5, module version = 1.0.0
[    20.900] 	ABI class: X.Org ANSI C Emulation, version 0.4
[    20.900] (II) UnloadModule: "fbdev"
[    20.900] (II) Unloading fbdev
[    20.900] (II) UnloadSubModule: "fbdevhw"
[    20.900] (II) Unloading fbdevhw
[    20.900] (II) UnloadModule: "vesa"
[    20.900] (II) Unloading vesa
[    20.907] (==) modeset(0): Backing store enabled
[    20.907] (==) modeset(0): Silken mouse enabled
[    20.960] (II) modeset(0): Initializing kms color map for depth 24, 8 bpc.
[    20.960] (==) modeset(0): DPMS enabled
[    20.961] (II) modeset(0): [DRI2] Setup complete
[    20.961] (II) modeset(0): [DRI2]   DRI driver: i965
[    20.961] (II) modeset(0): [DRI2]   VDPAU driver: va_gl
[    20.961] (II) Initializing extension Generic Event Extension
[    20.962] (II) Initializing extension SHAPE
[    20.962] (II) Initializing extension MIT-SHM
[    20.962] (II) Initializing extension XInputExtension
[    20.963] (II) Initializing extension XTEST
[    20.963] (II) Initializing extension BIG-REQUESTS
[    20.964] (II) Initializing extension SYNC
[    20.964] (II) Initializing extension XKEYBOARD
[    20.964] (II) Initializing extension XC-MISC
[    20.965] (II) Initializing extension SECURITY
[    20.965] (II) Initializing extension XFIXES
[    20.965] (II) Initializing extension RENDER
[    20.966] (II) Initializing extension RANDR
[    20.966] (II) Initializing extension COMPOSITE
[    20.967] (II) Initializing extension DAMAGE
[    20.967] (II) Initializing extension MIT-SCREEN-SAVER
[    20.967] (II) Initializing extension DOUBLE-BUFFER
[    20.968] (II) Initializing extension RECORD
[    20.968] (II) Initializing extension DPMS
[    20.969] (II) Initializing extension Present
[    20.969] (II) Initializing extension DRI3
[    20.969] (II) Initializing extension X-Resource
[    20.970] (II) Initializing extension XVideo
[    20.970] (II) Initializing extension XVideo-MotionCompensation
[    20.970] (II) Initializing extension SELinux
[    20.970] (II) SELinux: Disabled on system
[    20.970] (II) Initializing extension GLX
[    20.987] (II) AIGLX: Loaded and initialized i965
[    20.987] (II) GLX: Initialized DRI2 GL provider for screen 0
[    20.987] (II) Initializing extension XFree86-VidModeExtension
[    20.987] (II) Initializing extension XFree86-DGA
[    20.988] (II) Initializing extension XFree86-DRI
[    20.988] (II) Initializing extension DRI2
[    20.993] (II) modeset(0): Damage tracking initialized
[    20.993] (II) modeset(0): Setting screen physical size to 508 x 285
[    21.031] (II) config/udev: Adding input device Power Button (/dev/input/event2)
[    21.031] (**) Power Button: Applying InputClass "libinput keyboard catchall"
[    21.031] (II) LoadModule: "libinput"
[    21.032] (II) Loading /usr/lib/xorg/modules/input/libinput_drv.so
[    21.033] (II) Module libinput: vendor="X.Org Foundation"
[    21.033] 	compiled for 1.20.4, module version = 0.29.0
[    21.033] 	Module class: X.Org XInput Driver
[    21.033] 	ABI class: X.Org XInput driver, version 24.1
[    21.033] (II) Using input driver 'libinput' for 'Power Button'
[    21.034] (II) systemd-logind: got fd for /dev/input/event2 13:66 fd 22 paused 0
[    21.034] (**) Power Button: always reports core events
[    21.034] (**) Option "Device" "/dev/input/event2"
[    21.034] (**) Option "_source" "server/udev"
[    21.036] (II) event2  - Power Button: is tagged by udev as: Keyboard
[    21.036] (II) event2  - Power Button: device is a keyboard
[    21.036] (II) event2  - Power Button: device removed
[    21.036] (**) Option "config_info" "udev:/sys/devices/LNXSYSTM:00/LNXPWRBN:00/input/input2/event2"
[    21.036] (II) XINPUT: Adding extended input device "Power Button" (type: KEYBOARD, id 6)
[    21.036] (**) Option "xkb_layout" "de,us"
[    21.036] (**) Option "xkb_variant" ","
[    21.059] (II) event2  - Power Button: is tagged by udev as: Keyboard
[    21.059] (II) event2  - Power Button: device is a keyboard
[    21.060] (II) config/udev: Adding input device Video Bus (/dev/input/event4)
[    21.060] (**) Video Bus: Applying InputClass "libinput keyboard catchall"
[    21.060] (II) Using input driver 'libinput' for 'Video Bus'
[    21.061] (II) systemd-logind: got fd for /dev/input/event4 13:68 fd 25 paused 0
[    21.061] (**) Video Bus: always reports core events
[    21.061] (**) Option "Device" "/dev/input/event4"
[    21.061] (**) Option "_source" "server/udev"
[    21.063] (II) event4  - Video Bus: is tagged by udev as: Keyboard
[    21.063] (II) event4  - Video Bus: device is a keyboard
[    21.063] (II) event4  - Video Bus: device removed
[    21.064] (**) Option "config_info" "udev:/sys/devices/LNXSYSTM:00/LNXSYBUS:00/PNP0A08:00/LNXVIDEO:00/input/input6/event4"
[    21.064] (II) XINPUT: Adding extended input device "Video Bus" (type: KEYBOARD, id 7)
[    21.064] (**) Option "xkb_layout" "de,us"
[    21.064] (**) Option "xkb_variant" ","
[    21.065] (II) event4  - Video Bus: is tagged by udev as: Keyboard
[    21.065] (II) event4  - Video Bus: device is a keyboard
[    21.065] (II) config/udev: Adding input device Lid Switch (/dev/input/event0)
[    21.065] (II) No input driver specified, ignoring this device.
[    21.065] (II) This device may have been added with another device file.
[    21.066] (II) config/udev: Adding input device Sleep Button (/dev/input/event1)
[    21.066] (**) Sleep Button: Applying InputClass "libinput keyboard catchall"
[    21.066] (II) Using input driver 'libinput' for 'Sleep Button'
[    21.067] (II) systemd-logind: got fd for /dev/input/event1 13:65 fd 26 paused 0
[    21.067] (**) Sleep Button: always reports core events
[    21.067] (**) Option "Device" "/dev/input/event1"
[    21.067] (**) Option "_source" "server/udev"
[    21.068] (II) event1  - Sleep Button: is tagged by udev as: Keyboard
[    21.068] (II) event1  - Sleep Button: device is a keyboard
[    21.068] (II) event1  - Sleep Button: device removed
[    21.068] (**) Option "config_info" "udev:/sys/devices/LNXSYSTM:00/LNXSYBUS:00/PNP0C0E:00/input/input1/event1"
[    21.068] (II) XINPUT: Adding extended input device "Sleep Button" (type: KEYBOARD, id 8)
[    21.068] (**) Option "xkb_layout" "de,us"
[    21.069] (**) Option "xkb_variant" ","
[    21.070] (II) event1  - Sleep Button: is tagged by udev as: Keyboard
[    21.070] (II) event1  - Sleep Button: device is a keyboard
[    21.071] (II) config/udev: Adding input device Integrated Camera: Integrated C (/dev/input/event8)
[    21.071] (**) Integrated Camera: Integrated C: Applying InputClass "libinput keyboard catchall"
[    21.071] (II) Using input driver 'libinput' for 'Integrated Camera: Integrated C'
[    21.072] (II) systemd-logind: got fd for /dev/input/event8 13:72 fd 27 paused 0
[    21.072] (**) Integrated Camera: Integrated C: always reports core events
[    21.072] (**) Option "Device" "/dev/input/event8"
[    21.072] (**) Option "_source" "server/udev"
[    21.074] (II) event8  - Integrated Camera: Integrated C: is tagged by udev as: Keyboard
[    21.074] (II) event8  - Integrated Camera: Integrated C: device is a keyboard
[    21.074] (II) event8  - Integrated Camera: Integrated C: device removed
[    21.074] (**) Option "config_info" "udev:/sys/devices/pci0000:00/0000:00:14.0/usb1/1-7/1-7:1.0/input/input9/event8"
[    21.074] (II) XINPUT: Adding extended input device "Integrated Camera: Integrated C" (type: KEYBOARD, id 9)
[    21.074] (**) Option "xkb_layout" "de,us"
[    21.074] (**) Option "xkb_variant" ","
[    21.075] (II) event8  - Integrated Camera: Integrated C: is tagged by udev as: Keyboard
[    21.076] (II) event8  - Integrated Camera: Integrated C: device is a keyboard
[    21.076] (II) config/udev: Adding input device HDA Intel PCH Mic (/dev/input/event9)
[    21.076] (II) No input driver specified, ignoring this device.
[    21.076] (II) This device may have been added with another device file.
[    21.077] (II) config/udev: Adding input device HDA Intel PCH Headphone (/dev/input/event10)
[    21.077] (II) No input driver specified, ignoring this device.
[    21.077] (II) This device may have been added with another device file.
[    21.077] (II) config/udev: Adding input device HDA Intel PCH HDMI/DP,pcm=3 (/dev/input/event11)
[    21.077] (II) No input driver specified, ignoring this device.
[    21.077] (II) This device may have been added with another device file.
[    21.078] (II) config/udev: Adding input device HDA Intel PCH HDMI/DP,pcm=7 (/dev/input/event12)
[    21.078] (II) No input driver specified, ignoring this device.
[    21.078] (II) This device may have been added with another device file.
[    21.078] (II) config/udev: Adding input device HDA Intel PCH HDMI/DP,pcm=8 (/dev/input/event13)
[    21.078] (II) No input driver specified, ignoring this device.
[    21.078] (II) This device may have been added with another device file.
[    21.079] (II) config/udev: Adding input device HDA Intel PCH HDMI/DP,pcm=9 (/dev/input/event14)
[    21.079] (II) No input driver specified, ignoring this device.
[    21.079] (II) This device may have been added with another device file.
[    21.079] (II) config/udev: Adding input device HDA Intel PCH HDMI/DP,pcm=10 (/dev/input/event15)
[    21.079] (II) No input driver specified, ignoring this device.
[    21.079] (II) This device may have been added with another device file.
[    21.080] (II) config/udev: Adding input device AT Translated Set 2 keyboard (/dev/input/event3)
[    21.080] (**) AT Translated Set 2 keyboard: Applying InputClass "libinput keyboard catchall"
[    21.080] (II) Using input driver 'libinput' for 'AT Translated Set 2 keyboard'
[    21.081] (II) systemd-logind: got fd for /dev/input/event3 13:67 fd 28 paused 0
[    21.081] (**) AT Translated Set 2 keyboard: always reports core events
[    21.081] (**) Option "Device" "/dev/input/event3"
[    21.081] (**) Option "_source" "server/udev"
[    21.083] (II) event3  - AT Translated Set 2 keyboard: is tagged by udev as: Keyboard
[    21.083] (II) event3  - AT Translated Set 2 keyboard: device is a keyboard
[    21.084] (II) event3  - AT Translated Set 2 keyboard: device removed
[    21.084] (**) Option "config_info" "udev:/sys/devices/platform/i8042/serio0/input/input3/event3"
[    21.084] (II) XINPUT: Adding extended input device "AT Translated Set 2 keyboard" (type: KEYBOARD, id 10)
[    21.084] (**) Option "xkb_layout" "de,us"
[    21.084] (**) Option "xkb_variant" ","
[    21.085] (II) event3  - AT Translated Set 2 keyboard: is tagged by udev as: Keyboard
[    21.086] (II) event3  - AT Translated Set 2 keyboard: device is a keyboard
[    21.087] (II) config/udev: Adding input device SynPS/2 Synaptics TouchPad (/dev/input/event5)
[    21.087] (**) SynPS/2 Synaptics TouchPad: Applying InputClass "libinput touchpad catchall"
[    21.087] (II) Using input driver 'libinput' for 'SynPS/2 Synaptics TouchPad'
[    21.088] (II) systemd-logind: got fd for /dev/input/event5 13:69 fd 29 paused 0
[    21.088] (**) SynPS/2 Synaptics TouchPad: always reports core events
[    21.088] (**) Option "Device" "/dev/input/event5"
[    21.089] (**) Option "_source" "server/udev"
[    21.091] (II) event5  - SynPS/2 Synaptics TouchPad: is tagged by udev as: Touchpad
[    21.093] (II) event5  - SynPS/2 Synaptics TouchPad: device is a touchpad
[    21.093] (II) event5  - SynPS/2 Synaptics TouchPad: device removed
[    21.093] (**) Option "config_info" "udev:/sys/devices/platform/i8042/serio1/input/input5/event5"
[    21.093] (II) XINPUT: Adding extended input device "SynPS/2 Synaptics TouchPad" (type: TOUCHPAD, id 11)
[    21.094] (**) Option "AccelerationScheme" "none"
[    21.094] (**) SynPS/2 Synaptics TouchPad: (accel) selected scheme none/0
[    21.094] (**) SynPS/2 Synaptics TouchPad: (accel) acceleration factor: 2.000
[    21.094] (**) SynPS/2 Synaptics TouchPad: (accel) acceleration threshold: 4
[    21.095] (II) event5  - SynPS/2 Synaptics TouchPad: is tagged by udev as: Touchpad
[    21.097] (II) event5  - SynPS/2 Synaptics TouchPad: device is a touchpad
[    21.097] (II) config/udev: Adding input device SynPS/2 Synaptics TouchPad (/dev/input/mouse0)
[    21.097] (II) No input driver specified, ignoring this device.
[    21.097] (II) This device may have been added with another device file.
[    21.098] (II) config/udev: Adding input device TPPS/2 IBM TrackPoint (/dev/input/event6)
[    21.098] (**) TPPS/2 IBM TrackPoint: Applying InputClass "libinput pointer catchall"
[    21.098] (II) Using input driver 'libinput' for 'TPPS/2 IBM TrackPoint'
[    21.099] (II) systemd-logind: got fd for /dev/input/event6 13:70 fd 30 paused 0
[    21.099] (**) TPPS/2 IBM TrackPoint: always reports core events
[    21.099] (**) Option "Device" "/dev/input/event6"
[    21.099] (**) Option "_source" "server/udev"
[    21.101] (II) event6  - TPPS/2 IBM TrackPoint: is tagged by udev as: Mouse Pointingstick
[    21.101] (II) event6  - TPPS/2 IBM TrackPoint: device is a pointer
[    21.102] (II) event6  - TPPS/2 IBM TrackPoint: device removed
[    21.102] (**) Option "config_info" "udev:/sys/devices/platform/i8042/serio1/serio2/input/input7/event6"
[    21.102] (II) XINPUT: Adding extended input device "TPPS/2 IBM TrackPoint" (type: MOUSE, id 12)
[    21.102] (**) Option "AccelerationScheme" "none"
[    21.102] (**) TPPS/2 IBM TrackPoint: (accel) selected scheme none/0
[    21.102] (**) TPPS/2 IBM TrackPoint: (accel) acceleration factor: 2.000
[    21.102] (**) TPPS/2 IBM TrackPoint: (accel) acceleration threshold: 4
[    21.103] (II) event6  - TPPS/2 IBM TrackPoint: is tagged by udev as: Mouse Pointingstick
[    21.103] (II) event6  - TPPS/2 IBM TrackPoint: device is a pointer
[    21.104] (II) config/udev: Adding input device TPPS/2 IBM TrackPoint (/dev/input/mouse1)
[    21.104] (II) No input driver specified, ignoring this device.
[    21.104] (II) This device may have been added with another device file.
[    21.107] (II) config/udev: Adding input device ThinkPad Extra Buttons (/dev/input/event7)
[    21.107] (**) ThinkPad Extra Buttons: Applying InputClass "libinput keyboard catchall"
[    21.107] (II) Using input driver 'libinput' for 'ThinkPad Extra Buttons'
[    21.107] (II) systemd-logind: got fd for /dev/input/event7 13:71 fd 31 paused 0
[    21.107] (**) ThinkPad Extra Buttons: always reports core events
[    21.107] (**) Option "Device" "/dev/input/event7"
[    21.107] (**) Option "_source" "server/udev"
[    21.109] (II) event7  - ThinkPad Extra Buttons: is tagged by udev as: Keyboard Switch
[    21.109] (II) event7  - ThinkPad Extra Buttons: device is a keyboard
[    21.109] (II) event7  - ThinkPad Extra Buttons: device removed
[    21.109] (**) Option "config_info" "udev:/sys/devices/platform/thinkpad_acpi/input/input8/event7"
[    21.109] (II) XINPUT: Adding extended input device "ThinkPad Extra Buttons" (type: KEYBOARD, id 13)
[    21.109] (**) Option "xkb_layout" "de,us"
[    21.109] (**) Option "xkb_variant" ","
[    21.110] (II) event7  - ThinkPad Extra Buttons: is tagged by udev as: Keyboard Switch
[    21.110] (II) event7  - ThinkPad Extra Buttons: device is a keyboard
[    21.758] (II) modeset(0): EDID vendor "CMN", prod id 5321
[    21.758] (II) modeset(0): Printing DDC gathered Modelines:
[    21.758] (II) modeset(0): Modeline "1920x1080"x0.0  152.84  1920 2000 2060 2250  1080 1086 1094 1132 -hsync -vsync (67.9 kHz eP)
[    25.970] (II) modeset(0): EDID vendor "CMN", prod id 5321
[    25.970] (II) modeset(0): Printing DDC gathered Modelines:
[    25.971] (II) modeset(0): Modeline "1920x1080"x0.0  152.84  1920 2000 2060 2250  1080 1086 1094 1132 -hsync -vsync (67.9 kHz eP)
[    26.178] (II) modeset(0): EDID vendor "CMN", prod id 5321
[    26.178] (II) modeset(0): Printing DDC gathered Modelines:
[    26.178] (II) modeset(0): Modeline "1920x1080"x0.0  152.84  1920 2000 2060 2250  1080 1086 1094 1132 -hsync -vsync (67.9 kHz eP)
[    26.395] (II) modeset(0): EDID vendor "CMN", prod id 5321
[    26.395] (II) modeset(0): Printing DDC gathered Modelines:
[    26.395] (II) modeset(0): Modeline "1920x1080"x0.0  152.84  1920 2000 2060 2250  1080 1086 1094 1132 -hsync -vsync (67.9 kHz eP)
[    26.711] (II) modeset(0): EDID vendor "CMN", prod id 5321
[    26.711] (II) modeset(0): Printing DDC gathered Modelines:
[    26.711] (II) modeset(0): Modeline "1920x1080"x0.0  152.84  1920 2000 2060 2250  1080 1086 1094 1132 -hsync -vsync (67.9 kHz eP)
[   146.166] (II) modeset(0): EDID vendor "CMN", prod id 5321
[   146.166] (II) modeset(0): Printing DDC gathered Modelines:
[   146.166] (II) modeset(0): Modeline "1920x1080"x0.0  152.84  1920 2000 2060 2250  1080 1086 1094 1132 -hsync -vsync (67.9 kHz eP)
[   146.799] (II) modeset(0): EDID vendor "CMN", prod id 5321
[   146.799] (II) modeset(0): Printing DDC gathered Modelines:
[   146.799] (II) modeset(0): Modeline "1920x1080"x0.0  152.84  1920 2000 2060 2250  1080 1086 1094 1132 -hsync -vsync (67.9 kHz eP)
[   147.008] (II) modeset(0): EDID vendor "CMN", prod id 5321
[   147.008] (II) modeset(0): Printing DDC gathered Modelines:
[   147.008] (II) modeset(0): Modeline "1920x1080"x0.0  152.84  1920 2000 2060 2250  1080 1086 1094 1132 -hsync -vsync (67.9 kHz eP)
[   147.250] (II) modeset(0): EDID vendor "CMN", prod id 5321
[   147.250] (II) modeset(0): Printing DDC gathered Modelines:
[   147.250] (II) modeset(0): Modeline "1920x1080"x0.0  152.84  1920 2000 2060 2250  1080 1086 1094 1132 -hsync -vsync (67.9 kHz eP)
[   147.512] (II) modeset(0): EDID vendor "CMN", prod id 5321
[   147.512] (II) modeset(0): Printing DDC gathered Modelines:
[   147.513] (II) modeset(0): Modeline "1920x1080"x0.0  152.84  1920 2000 2060 2250  1080 1086 1094 1132 -hsync -vsync (67.9 kHz eP)
[   147.745] (II) modeset(0): EDID vendor "CMN", prod id 5321
[   147.745] (II) modeset(0): Printing DDC gathered Modelines:
[   147.745] (II) modeset(0): Modeline "1920x1080"x0.0  152.84  1920 2000 2060 2250  1080 1086 1094 1132 -hsync -vsync (67.9 kHz eP)
[   375.919] (II) modeset(0): EDID vendor "CMN", prod id 5321
[   375.919] (II) modeset(0): Printing DDC gathered Modelines:
[   375.919] (II) modeset(0): Modeline "1920x1080"x0.0  152.84  1920 2000 2060 2250  1080 1086 1094 1132 -hsync -vsync (67.9 kHz eP)
[   376.428] (II) modeset(0): EDID vendor "CMN", prod id 5321
[   376.428] (II) modeset(0): Printing DDC gathered Modelines:
[   376.428] (II) modeset(0): Modeline "1920x1080"x0.0  152.84  1920 2000 2060 2250  1080 1086 1094 1132 -hsync -vsync (67.9 kHz eP)
[   376.639] (II) modeset(0): EDID vendor "CMN", prod id 5321
[   376.639] (II) modeset(0): Printing DDC gathered Modelines:
[   376.639] (II) modeset(0): Modeline "1920x1080"x0.0  152.84  1920 2000 2060 2250  1080 1086 1094 1132 -hsync -vsync (67.9 kHz eP)
[   376.902] (II) modeset(0): EDID vendor "CMN", prod id 5321
[   376.902] (II) modeset(0): Printing DDC gathered Modelines:
[   376.902] (II) modeset(0): Modeline "1920x1080"x0.0  152.84  1920 2000 2060 2250  1080 1086 1094 1132 -hsync -vsync (67.9 kHz eP)
[   377.106] (II) modeset(0): EDID vendor "CMN", prod id 5321
[   377.106] (II) modeset(0): Printing DDC gathered Modelines:
[   377.106] (II) modeset(0): Modeline "1920x1080"x0.0  152.84  1920 2000 2060 2250  1080 1086 1094 1132 -hsync -vsync (67.9 kHz eP)
[   377.329] (II) modeset(0): EDID vendor "CMN", prod id 5321
[   377.329] (II) modeset(0): Printing DDC gathered Modelines:
[   377.329] (II) modeset(0): Modeline "1920x1080"x0.0  152.84  1920 2000 2060 2250  1080 1086 1094 1132 -hsync -vsync (67.9 kHz eP)
[   460.151] (II) modeset(0): EDID vendor "CMN", prod id 5321
[   460.151] (II) modeset(0): Printing DDC gathered Modelines:
[   460.151] (II) modeset(0): Modeline "1920x1080"x0.0  152.84  1920 2000 2060 2250  1080 1086 1094 1132 -hsync -vsync (67.9 kHz eP)
[  4399.977] (II) modeset(0): EDID vendor "CMN", prod id 5321
[  4399.977] (II) modeset(0): Printing DDC gathered Modelines:
[  4399.977] (II) modeset(0): Modeline "1920x1080"x0.0  152.84  1920 2000 2060 2250  1080 1086 1094 1132 -hsync -vsync (67.9 kHz eP)
[  4459.423] (EE) event5  - SynPS/2 Synaptics TouchPad: kernel bug: Touch jump detected and discarded.
See https://wayland.freedesktop.org/libinput/doc/1.14.1/touchpad-jumping-cursors.html for details
[  4472.826] (EE) event5  - SynPS/2 Synaptics TouchPad: kernel bug: Touch jump detected and discarded.
See https://wayland.freedesktop.org/libinput/doc/1.14.1/touchpad-jumping-cursors.html for details
[  6009.617] (II) modeset(0): EDID vendor "CMN", prod id 5321
[  6009.617] (II) modeset(0): Printing DDC gathered Modelines:
[  6009.617] (II) modeset(0): Modeline "1920x1080"x0.0  152.84  1920 2000 2060 2250  1080 1086 1094 1132 -hsync -vsync (67.9 kHz eP)
[  6010.021] (II) modeset(0): EDID vendor "CMN", prod id 5321
[  6010.021] (II) modeset(0): Printing DDC gathered Modelines:
[  6010.021] (II) modeset(0): Modeline "1920x1080"x0.0  152.84  1920 2000 2060 2250  1080 1086 1094 1132 -hsync -vsync (67.9 kHz eP)
[  6010.228] (II) config/udev: Adding input device SynPS/2 Synaptics TouchPad (/dev/input/mouse0)
[  6010.228] (II) No input driver specified, ignoring this device.
[  6010.228] (II) This device may have been added with another device file.
[  6010.229] (II) config/udev: Adding input device TPPS/2 IBM TrackPoint (/dev/input/mouse1)
[  6010.229] (II) No input driver specified, ignoring this device.
[  6010.229] (II) This device may have been added with another device file.
[  6010.229] (II) config/udev: Adding input device Lid Switch (/dev/input/event0)
[  6010.229] (II) No input driver specified, ignoring this device.
[  6010.229] (II) This device may have been added with another device file.
[  6010.229] (II) config/udev: removing device Power Button
[  6010.229] (**) Option "fd" "22"
[  6010.229] (II) event2  - Power Button: device removed
[  6010.235] (II) UnloadModule: "libinput"
[  6010.235] (II) systemd-logind: releasing fd for 13:66
[  6010.260] (II) config/udev: Adding input device Power Button (/dev/input/event2)
[  6010.260] (**) Power Button: Applying InputClass "libinput keyboard catchall"
[  6010.260] (II) Using input driver 'libinput' for 'Power Button'
[  6010.263] (II) systemd-logind: got fd for /dev/input/event2 13:66 fd 62 paused 0
[  6010.263] (**) Power Button: always reports core events
[  6010.263] (**) Option "Device" "/dev/input/event2"
[  6010.263] (**) Option "_source" "server/udev"
[  6010.264] (II) event2  - Power Button: is tagged by udev as: Keyboard
[  6010.264] (II) event2  - Power Button: device is a keyboard
[  6010.264] (II) event2  - Power Button: device removed
[  6010.264] (**) Option "config_info" "udev:/sys/devices/LNXSYSTM:00/LNXPWRBN:00/input/input2/event2"
[  6010.264] (II) XINPUT: Adding extended input device "Power Button" (type: KEYBOARD, id 6)
[  6010.264] (**) Option "xkb_layout" "de,us"
[  6010.264] (**) Option "xkb_variant" ","
[  6010.266] (II) event2  - Power Button: is tagged by udev as: Keyboard
[  6010.266] (II) event2  - Power Button: device is a keyboard
[  6010.268] (II) config/udev: removing device Video Bus
[  6010.268] (**) Option "fd" "25"
[  6010.268] (II) event4  - Video Bus: device removed
[  6010.270] (II) UnloadModule: "libinput"
[  6010.270] (II) systemd-logind: releasing fd for 13:68
[  6010.292] (II) config/udev: Adding input device Video Bus (/dev/input/event4)
[  6010.292] (**) Video Bus: Applying InputClass "libinput keyboard catchall"
[  6010.292] (II) Using input driver 'libinput' for 'Video Bus'
[  6010.316] (II) systemd-logind: got fd for /dev/input/event4 13:68 fd 25 paused 0
[  6010.316] (**) Video Bus: always reports core events
[  6010.316] (**) Option "Device" "/dev/input/event4"
[  6010.316] (**) Option "_source" "server/udev"
[  6010.317] (II) event4  - Video Bus: is tagged by udev as: Keyboard
[  6010.317] (II) event4  - Video Bus: device is a keyboard
[  6010.318] (II) event4  - Video Bus: device removed
[  6010.318] (**) Option "config_info" "udev:/sys/devices/LNXSYSTM:00/LNXSYBUS:00/PNP0A08:00/LNXVIDEO:00/input/input6/event4"
[  6010.318] (II) XINPUT: Adding extended input device "Video Bus" (type: KEYBOARD, id 7)
[  6010.318] (**) Option "xkb_layout" "de,us"
[  6010.318] (**) Option "xkb_variant" ","
[  6010.320] (II) event4  - Video Bus: is tagged by udev as: Keyboard
[  6010.320] (II) event4  - Video Bus: device is a keyboard
[  6010.322] (II) config/udev: Adding input device HDA Intel PCH HDMI/DP,pcm=7 (/dev/input/event12)
[  6010.322] (II) No input driver specified, ignoring this device.
[  6010.322] (II) This device may have been added with another device file.
[  6010.322] (II) config/udev: Adding input device HDA Intel PCH Headphone (/dev/input/event10)
[  6010.322] (II) No input driver specified, ignoring this device.
[  6010.322] (II) This device may have been added with another device file.
[  6010.323] (II) config/udev: Adding input device HDA Intel PCH HDMI/DP,pcm=3 (/dev/input/event11)
[  6010.323] (II) No input driver specified, ignoring this device.
[  6010.323] (II) This device may have been added with another device file.
[  6010.323] (II) config/udev: removing device Sleep Button
[  6010.323] (**) Option "fd" "26"
[  6010.323] (II) event1  - Sleep Button: device removed
[  6010.329] (II) UnloadModule: "libinput"
[  6010.329] (II) systemd-logind: releasing fd for 13:65
[  6010.344] (II) config/udev: Adding input device Sleep Button (/dev/input/event1)
[  6010.344] (**) Sleep Button: Applying InputClass "libinput keyboard catchall"
[  6010.344] (II) Using input driver 'libinput' for 'Sleep Button'
[  6010.345] (II) systemd-logind: got fd for /dev/input/event1 13:65 fd 26 paused 0
[  6010.345] (**) Sleep Button: always reports core events
[  6010.345] (**) Option "Device" "/dev/input/event1"
[  6010.345] (**) Option "_source" "server/udev"
[  6010.346] (II) event1  - Sleep Button: is tagged by udev as: Keyboard
[  6010.347] (II) event1  - Sleep Button: device is a keyboard
[  6010.347] (II) event1  - Sleep Button: device removed
[  6010.347] (**) Option "config_info" "udev:/sys/devices/LNXSYSTM:00/LNXSYBUS:00/PNP0C0E:00/input/input1/event1"
[  6010.347] (II) XINPUT: Adding extended input device "Sleep Button" (type: KEYBOARD, id 8)
[  6010.347] (**) Option "xkb_layout" "de,us"
[  6010.347] (**) Option "xkb_variant" ","
[  6010.350] (II) event1  - Sleep Button: is tagged by udev as: Keyboard
[  6010.350] (II) event1  - Sleep Button: device is a keyboard
[  6010.351] (II) config/udev: removing device AT Translated Set 2 keyboard
[  6010.351] (**) Option "fd" "28"
[  6010.351] (II) event3  - AT Translated Set 2 keyboard: device removed
[  6010.356] (II) UnloadModule: "libinput"
[  6010.356] (II) systemd-logind: releasing fd for 13:67
[  6010.412] (II) config/udev: Adding input device AT Translated Set 2 keyboard (/dev/input/event3)
[  6010.412] (**) AT Translated Set 2 keyboard: Applying InputClass "libinput keyboard catchall"
[  6010.412] (II) Using input driver 'libinput' for 'AT Translated Set 2 keyboard'
[  6010.433] (II) systemd-logind: got fd for /dev/input/event3 13:67 fd 28 paused 0
[  6010.433] (**) AT Translated Set 2 keyboard: always reports core events
[  6010.433] (**) Option "Device" "/dev/input/event3"
[  6010.433] (**) Option "_source" "server/udev"
[  6010.434] (II) event3  - AT Translated Set 2 keyboard: is tagged by udev as: Keyboard
[  6010.434] (II) event3  - AT Translated Set 2 keyboard: device is a keyboard
[  6010.434] (II) event3  - AT Translated Set 2 keyboard: device removed
[  6010.434] (**) Option "config_info" "udev:/sys/devices/platform/i8042/serio0/input/input3/event3"
[  6010.434] (II) XINPUT: Adding extended input device "AT Translated Set 2 keyboard" (type: KEYBOARD, id 10)
[  6010.434] (**) Option "xkb_layout" "de,us"
[  6010.434] (**) Option "xkb_variant" ","
[  6010.438] (II) event3  - AT Translated Set 2 keyboard: is tagged by udev as: Keyboard
[  6010.438] (II) event3  - AT Translated Set 2 keyboard: device is a keyboard
[  6010.442] (II) config/udev: Adding input device HDA Intel PCH HDMI/DP,pcm=10 (/dev/input/event15)
[  6010.442] (II) No input driver specified, ignoring this device.
[  6010.443] (II) This device may have been added with another device file.
[  6010.443] (II) config/udev: Adding input device HDA Intel PCH HDMI/DP,pcm=8 (/dev/input/event13)
[  6010.444] (II) No input driver specified, ignoring this device.
[  6010.444] (II) This device may have been added with another device file.
[  6010.444] (II) config/udev: Adding input device HDA Intel PCH Mic (/dev/input/event9)
[  6010.444] (II) No input driver specified, ignoring this device.
[  6010.444] (II) This device may have been added with another device file.
[  6010.445] (II) config/udev: removing device TPPS/2 IBM TrackPoint
[  6010.445] (**) Option "fd" "30"
[  6010.445] (II) event6  - TPPS/2 IBM TrackPoint: device removed
[  6010.458] (II) UnloadModule: "libinput"
[  6010.458] (II) systemd-logind: releasing fd for 13:70
[  6010.488] (II) config/udev: Adding input device TPPS/2 IBM TrackPoint (/dev/input/event6)
[  6010.488] (**) TPPS/2 IBM TrackPoint: Applying InputClass "libinput pointer catchall"
[  6010.488] (II) Using input driver 'libinput' for 'TPPS/2 IBM TrackPoint'
[  6010.497] (II) systemd-logind: got fd for /dev/input/event6 13:70 fd 30 paused 0
[  6010.497] (**) TPPS/2 IBM TrackPoint: always reports core events
[  6010.497] (**) Option "Device" "/dev/input/event6"
[  6010.497] (**) Option "_source" "server/udev"
[  6010.498] (II) event6  - TPPS/2 IBM TrackPoint: is tagged by udev as: Mouse Pointingstick
[  6010.499] (II) event6  - TPPS/2 IBM TrackPoint: device is a pointer
[  6010.500] (II) event6  - TPPS/2 IBM TrackPoint: device removed
[  6010.501] (**) Option "config_info" "udev:/sys/devices/platform/i8042/serio1/serio2/input/input7/event6"
[  6010.501] (II) XINPUT: Adding extended input device "TPPS/2 IBM TrackPoint" (type: MOUSE, id 12)
[  6010.502] (**) Option "AccelerationScheme" "none"
[  6010.503] (**) TPPS/2 IBM TrackPoint: (accel) selected scheme none/0
[  6010.503] (**) TPPS/2 IBM TrackPoint: (accel) acceleration factor: 2.000
[  6010.503] (**) TPPS/2 IBM TrackPoint: (accel) acceleration threshold: 4
[  6010.505] (II) event6  - TPPS/2 IBM TrackPoint: is tagged by udev as: Mouse Pointingstick
[  6010.505] (II) event6  - TPPS/2 IBM TrackPoint: device is a pointer
[  6010.508] (II) config/udev: Adding input device HDA Intel PCH HDMI/DP,pcm=9 (/dev/input/event14)
[  6010.508] (II) No input driver specified, ignoring this device.
[  6010.508] (II) This device may have been added with another device file.
[  6010.508] (II) config/udev: removing device Integrated Camera: Integrated C
[  6010.508] (**) Option "fd" "27"
[  6010.508] (II) event8  - Integrated Camera: Integrated C: device removed
[  6010.511] (II) UnloadModule: "libinput"
[  6010.511] (II) systemd-logind: releasing fd for 13:72
[  6010.580] (II) config/udev: Adding input device Integrated Camera: Integrated C (/dev/input/event8)
[  6010.580] (**) Integrated Camera: Integrated C: Applying InputClass "libinput keyboard catchall"
[  6010.580] (II) Using input driver 'libinput' for 'Integrated Camera: Integrated C'
[  6010.581] (II) systemd-logind: got fd for /dev/input/event8 13:72 fd 27 paused 0
[  6010.581] (**) Integrated Camera: Integrated C: always reports core events
[  6010.581] (**) Option "Device" "/dev/input/event8"
[  6010.581] (**) Option "_source" "server/udev"
[  6010.583] (II) event8  - Integrated Camera: Integrated C: is tagged by udev as: Keyboard
[  6010.583] (II) event8  - Integrated Camera: Integrated C: device is a keyboard
[  6010.583] (II) event8  - Integrated Camera: Integrated C: device removed
[  6010.583] (**) Option "config_info" "udev:/sys/devices/pci0000:00/0000:00:14.0/usb1/1-7/1-7:1.0/input/input9/event8"
[  6010.583] (II) XINPUT: Adding extended input device "Integrated Camera: Integrated C" (type: KEYBOARD, id 9)
[  6010.583] (**) Option "xkb_layout" "de,us"
[  6010.583] (**) Option "xkb_variant" ","
[  6010.586] (II) event8  - Integrated Camera: Integrated C: is tagged by udev as: Keyboard
[  6010.586] (II) event8  - Integrated Camera: Integrated C: device is a keyboard
[  6010.587] (II) config/udev: removing device SynPS/2 Synaptics TouchPad
[  6010.587] (**) Option "fd" "29"
[  6010.587] (II) event5  - SynPS/2 Synaptics TouchPad: device removed
[  6010.601] (II) UnloadModule: "libinput"
[  6010.601] (II) systemd-logind: releasing fd for 13:69
[  6010.644] (II) config/udev: Adding input device SynPS/2 Synaptics TouchPad (/dev/input/event5)
[  6010.644] (**) SynPS/2 Synaptics TouchPad: Applying InputClass "libinput touchpad catchall"
[  6010.644] (II) Using input driver 'libinput' for 'SynPS/2 Synaptics TouchPad'
[  6010.645] (II) systemd-logind: got fd for /dev/input/event5 13:69 fd 29 paused 0
[  6010.645] (**) SynPS/2 Synaptics TouchPad: always reports core events
[  6010.645] (**) Option "Device" "/dev/input/event5"
[  6010.645] (**) Option "_source" "server/udev"
[  6010.647] (II) event5  - SynPS/2 Synaptics TouchPad: is tagged by udev as: Touchpad
[  6010.649] (II) event5  - SynPS/2 Synaptics TouchPad: device is a touchpad
[  6010.650] (II) event5  - SynPS/2 Synaptics TouchPad: device removed
[  6010.650] (**) Option "config_info" "udev:/sys/devices/platform/i8042/serio1/input/input5/event5"
[  6010.650] (II) XINPUT: Adding extended input device "SynPS/2 Synaptics TouchPad" (type: TOUCHPAD, id 11)
[  6010.654] (**) Option "AccelerationScheme" "none"
[  6010.656] (**) SynPS/2 Synaptics TouchPad: (accel) selected scheme none/0
[  6010.656] (**) SynPS/2 Synaptics TouchPad: (accel) acceleration factor: 2.000
[  6010.656] (**) SynPS/2 Synaptics TouchPad: (accel) acceleration threshold: 4
[  6010.658] (II) event5  - SynPS/2 Synaptics TouchPad: is tagged by udev as: Touchpad
[  6010.661] (II) event5  - SynPS/2 Synaptics TouchPad: device is a touchpad
[  6010.664] (II) config/udev: removing device ThinkPad Extra Buttons
[  6010.664] (**) Option "fd" "31"
[  6010.664] (II) event7  - ThinkPad Extra Buttons: device removed
[  6010.668] (II) UnloadModule: "libinput"
[  6010.668] (II) systemd-logind: releasing fd for 13:71
[  6010.688] (II) config/udev: Adding input device ThinkPad Extra Buttons (/dev/input/event7)
[  6010.688] (**) ThinkPad Extra Buttons: Applying InputClass "libinput keyboard catchall"
[  6010.688] (II) Using input driver 'libinput' for 'ThinkPad Extra Buttons'
[  6010.690] (II) systemd-logind: got fd for /dev/input/event7 13:71 fd 31 paused 0
[  6010.690] (**) ThinkPad Extra Buttons: always reports core events
[  6010.690] (**) Option "Device" "/dev/input/event7"
[  6010.690] (**) Option "_source" "server/udev"
[  6010.692] (II) event7  - ThinkPad Extra Buttons: is tagged by udev as: Keyboard Switch
[  6010.692] (II) event7  - ThinkPad Extra Buttons: device is a keyboard
[  6010.692] (II) event7  - ThinkPad Extra Buttons: device removed
[  6010.692] (**) Option "config_info" "udev:/sys/devices/platform/thinkpad_acpi/input/input8/event7"
[  6010.693] (II) XINPUT: Adding extended input device "ThinkPad Extra Buttons" (type: KEYBOARD, id 13)
[  6010.693] (**) Option "xkb_layout" "de,us"
[  6010.693] (**) Option "xkb_variant" ","
[  6010.695] (II) event7  - ThinkPad Extra Buttons: is tagged by udev as: Keyboard Switch
[  6010.695] (II) event7  - ThinkPad Extra Buttons: device is a keyboard
[  6365.644] (II) modeset(0): EDID vendor "CMN", prod id 5321
[  6365.644] (II) modeset(0): Printing DDC gathered Modelines:
[  6365.644] (II) modeset(0): Modeline "1920x1080"x0.0  152.84  1920 2000 2060 2250  1080 1086 1094 1132 -hsync -vsync (67.9 kHz eP)
[  6366.184] (II) modeset(0): EDID vendor "CMN", prod id 5321
[  6366.184] (II) modeset(0): Printing DDC gathered Modelines:
[  6366.184] (II) modeset(0): Modeline "1920x1080"x0.0  152.84  1920 2000 2060 2250  1080 1086 1094 1132 -hsync -vsync (67.9 kHz eP)
[  6366.503] (II) modeset(0): EDID vendor "CMN", prod id 5321
[  6366.503] (II) modeset(0): Printing DDC gathered Modelines:
[  6366.503] (II) modeset(0): Modeline "1920x1080"x0.0  152.84  1920 2000 2060 2250  1080 1086 1094 1132 -hsync -vsync (67.9 kHz eP)
[  6366.740] (II) modeset(0): EDID vendor "CMN", prod id 5321
[  6366.740] (II) modeset(0): Printing DDC gathered Modelines:
[  6366.740] (II) modeset(0): Modeline "1920x1080"x0.0  152.84  1920 2000 2060 2250  1080 1086 1094 1132 -hsync -vsync (67.9 kHz eP)
[  6366.970] (II) modeset(0): EDID vendor "CMN", prod id 5321
[  6366.971] (II) modeset(0): Printing DDC gathered Modelines:
[  6366.971] (II) modeset(0): Modeline "1920x1080"x0.0  152.84  1920 2000 2060 2250  1080 1086 1094 1132 -hsync -vsync (67.9 kHz eP)
[  6367.208] (II) modeset(0): EDID vendor "CMN", prod id 5321
[  6367.208] (II) modeset(0): Printing DDC gathered Modelines:
[  6367.208] (II) modeset(0): Modeline "1920x1080"x0.0  152.84  1920 2000 2060 2250  1080 1086 1094 1132 -hsync -vsync (67.9 kHz eP)
[ 13455.720] (EE) event5  - SynPS/2 Synaptics TouchPad: kernel bug: Touch jump detected and discarded.
See https://wayland.freedesktop.org/libinput/doc/1.14.1/touchpad-jumping-cursors.html for details
[ 13659.511] (EE) event5  - SynPS/2 Synaptics TouchPad: kernel bug: Touch jump detected and discarded.
See https://wayland.freedesktop.org/libinput/doc/1.14.1/touchpad-jumping-cursors.html for details
[ 14546.379] (EE) event5  - SynPS/2 Synaptics TouchPad: kernel bug: Touch jump detected and discarded.
See https://wayland.freedesktop.org/libinput/doc/1.14.1/touchpad-jumping-cursors.html for details
[ 23462.060] (EE) event5  - SynPS/2 Synaptics TouchPad: kernel bug: Touch jump detected and discarded.
See https://wayland.freedesktop.org/libinput/doc/1.14.1/touchpad-jumping-cursors.html for details
[ 25505.851] (II) modeset(0): EDID vendor "CMN", prod id 5321
[ 25505.851] (II) modeset(0): Printing DDC gathered Modelines:
[ 25505.851] (II) modeset(0): Modeline "1920x1080"x0.0  152.84  1920 2000 2060 2250  1080 1086 1094 1132 -hsync -vsync (67.9 kHz eP)
[ 25506.101] (II) modeset(0): EDID vendor "CMN", prod id 5321
[ 25506.101] (II) modeset(0): Printing DDC gathered Modelines:
[ 25506.101] (II) modeset(0): Modeline "1920x1080"x0.0  152.84  1920 2000 2060 2250  1080 1086 1094 1132 -hsync -vsync (67.9 kHz eP)
[ 25506.644] (II) modeset(0): EDID vendor "CMN", prod id 5321
[ 25506.644] (II) modeset(0): Printing DDC gathered Modelines:
[ 25506.644] (II) modeset(0): Modeline "1920x1080"x0.0  152.84  1920 2000 2060 2250  1080 1086 1094 1132 -hsync -vsync (67.9 kHz eP)
[ 25506.880] (II) modeset(0): EDID vendor "CMN", prod id 5321
[ 25506.880] (II) modeset(0): Printing DDC gathered Modelines:
[ 25506.880] (II) modeset(0): Modeline "1920x1080"x0.0  152.84  1920 2000 2060 2250  1080 1086 1094 1132 -hsync -vsync (67.9 kHz eP)
[ 25507.099] (II) modeset(0): EDID vendor "CMN", prod id 5321
[ 25507.099] (II) modeset(0): Printing DDC gathered Modelines:
[ 25507.099] (II) modeset(0): Modeline "1920x1080"x0.0  152.84  1920 2000 2060 2250  1080 1086 1094 1132 -hsync -vsync (67.9 kHz eP)
[ 25507.356] (II) modeset(0): EDID vendor "CMN", prod id 5321
[ 25507.356] (II) modeset(0): Printing DDC gathered Modelines:
[ 25507.356] (II) modeset(0): Modeline "1920x1080"x0.0  152.84  1920 2000 2060 2250  1080 1086 1094 1132 -hsync -vsync (67.9 kHz eP)
[ 25574.233] (II) modeset(0): EDID vendor "CMN", prod id 5321
[ 25574.233] (II) modeset(0): Printing DDC gathered Modelines:
[ 25574.233] (II) modeset(0): Modeline "1920x1080"x0.0  152.84  1920 2000 2060 2250  1080 1086 1094 1132 -hsync -vsync (67.9 kHz eP)
[ 25574.451] (II) modeset(0): EDID vendor "CMN", prod id 5321
[ 25574.451] (II) modeset(0): Printing DDC gathered Modelines:
[ 25574.451] (II) modeset(0): Modeline "1920x1080"x0.0  152.84  1920 2000 2060 2250  1080 1086 1094 1132 -hsync -vsync (67.9 kHz eP)
[ 25575.043] (II) modeset(0): EDID vendor "CMN", prod id 5321
[ 25575.043] (II) modeset(0): Printing DDC gathered Modelines:
[ 25575.043] (II) modeset(0): Modeline "1920x1080"x0.0  152.84  1920 2000 2060 2250  1080 1086 1094 1132 -hsync -vsync (67.9 kHz eP)
[ 25575.261] (II) modeset(0): EDID vendor "CMN", prod id 5321
[ 25575.261] (II) modeset(0): Printing DDC gathered Modelines:
[ 25575.261] (II) modeset(0): Modeline "1920x1080"x0.0  152.84  1920 2000 2060 2250  1080 1086 1094 1132 -hsync -vsync (67.9 kHz eP)
[ 25575.512] (II) modeset(0): EDID vendor "CMN", prod id 5321
[ 25575.512] (II) modeset(0): Printing DDC gathered Modelines:
[ 25575.513] (II) modeset(0): Modeline "1920x1080"x0.0  152.84  1920 2000 2060 2250  1080 1086 1094 1132 -hsync -vsync (67.9 kHz eP)
[ 25575.749] (II) modeset(0): EDID vendor "CMN", prod id 5321
[ 25575.749] (II) modeset(0): Printing DDC gathered Modelines:
[ 25575.749] (II) modeset(0): Modeline "1920x1080"x0.0  152.84  1920 2000 2060 2250  1080 1086 1094 1132 -hsync -vsync (67.9 kHz eP)
