[   304.883] (--) Log file renamed from "/home/jasper/.local/share/xorg/Xorg.pid-1465.log" to "/home/jasper/.local/share/xorg/Xorg.0.log"
[   304.884] 
X.Org X Server 1.20.5
X Protocol Version 11, Revision 0
[   304.884] Build Operating System: Linux 4.4.0-165-generic x86_64 Ubuntu
[   304.884] Current Operating System: Linux pop-os 5.3.0-7625-generic #27~1576337002~19.10~bc3488b-Ubuntu SMP Sat Dec 14 18:31:03 UTC  x86_64
[   304.884] Kernel command line: BOOT_IMAGE=/boot/vmlinuz-5.3.0-7625-generic root=UUID=950e8d9f-7910-49dc-bd4f-7a2cc05239bc ro quiet splash vt.handoff=7
[   304.884] Build Date: 08 October 2019  09:43:30AM
[   304.884] xorg-server 2:1.20.5+git20191008-0ubuntu1 (For technical support please see http://www.ubuntu.com/support) 
[   304.884] Current version of pixman: 0.38.4
[   304.884] 	Before reporting problems, check http://wiki.x.org
	to make sure that you have the latest version.
[   304.884] Markers: (--) probed, (**) from config file, (==) default setting,
	(++) from command line, (!!) notice, (II) informational,
	(WW) warning, (EE) error, (NI) not implemented, (??) unknown.
[   304.884] (==) Log file: "/home/jasper/.local/share/xorg/Xorg.0.log", Time: Fri Dec 27 20:09:08 2019
[   304.884] (==) Using system config directory "/usr/share/X11/xorg.conf.d"
[   304.885] (==) No Layout section.  Using the first Screen section.
[   304.885] (==) No screen section available. Using defaults.
[   304.885] (**) |-->Screen "Default Screen Section" (0)
[   304.885] (**) |   |-->Monitor "<default monitor>"
[   304.885] (==) No monitor specified for screen "Default Screen Section".
	Using a default monitor configuration.
[   304.885] (==) Automatically adding devices
[   304.885] (==) Automatically enabling devices
[   304.885] (==) Automatically adding GPU devices
[   304.885] (==) Automatically binding GPU devices
[   304.885] (==) Max clients allowed: 256, resource mask: 0x1fffff
[   304.885] (WW) The directory "/usr/share/fonts/X11/cyrillic" does not exist.
[   304.885] 	Entry deleted from font path.
[   304.885] (WW) The directory "/usr/share/fonts/X11/100dpi/" does not exist.
[   304.885] 	Entry deleted from font path.
[   304.885] (WW) The directory "/usr/share/fonts/X11/75dpi/" does not exist.
[   304.885] 	Entry deleted from font path.
[   304.885] (WW) The directory "/usr/share/fonts/X11/100dpi" does not exist.
[   304.885] 	Entry deleted from font path.
[   304.885] (WW) The directory "/usr/share/fonts/X11/75dpi" does not exist.
[   304.885] 	Entry deleted from font path.
[   304.885] (==) FontPath set to:
	/usr/share/fonts/X11/misc,
	/usr/share/fonts/X11/Type1,
	built-ins
[   304.885] (==) ModulePath set to "/usr/lib/xorg/modules"
[   304.886] (II) The server relies on udev to provide the list of input devices.
	If no devices become available, reconfigure udev or disable AutoAddDevices.
[   304.886] (II) Loader magic: 0x5564fd729020
[   304.886] (II) Module ABI versions:
[   304.886] 	X.Org ANSI C Emulation: 0.4
[   304.886] 	X.Org Video Driver: 24.0
[   304.886] 	X.Org XInput driver : 24.1
[   304.886] 	X.Org Server Extension : 10.0
[   304.886] (++) using VT number 2

[   304.889] (II) systemd-logind: took control of session /org/freedesktop/login1/session/_36
[   304.889] (II) xfree86: Adding drm device (/dev/dri/card0)
[   304.890] (II) systemd-logind: got fd for /dev/dri/card0 226:0 fd 12 paused 0
[   304.893] (--) PCI:*(0@0:2:0) 8086:5916:17aa:505b rev 2, Mem @ 0xf0000000/16777216, 0xe0000000/268435456, I/O @ 0x0000e000/64, BIOS @ 0x????????/131072
[   304.893] (II) LoadModule: "glx"
[   304.893] (II) Loading /usr/lib/xorg/modules/extensions/libglx.so
[   304.894] (II) Module glx: vendor="X.Org Foundation"
[   304.894] 	compiled for 1.20.5, module version = 1.0.0
[   304.894] 	ABI class: X.Org Server Extension, version 10.0
[   304.894] (==) Matched modesetting as autoconfigured driver 0
[   304.894] (==) Matched fbdev as autoconfigured driver 1
[   304.894] (==) Matched vesa as autoconfigured driver 2
[   304.894] (==) Assigned the driver to the xf86ConfigLayout
[   304.894] (II) LoadModule: "modesetting"
[   304.894] (II) Loading /usr/lib/xorg/modules/drivers/modesetting_drv.so
[   304.894] (II) Module modesetting: vendor="X.Org Foundation"
[   304.894] 	compiled for 1.20.5, module version = 1.20.5
[   304.894] 	Module class: X.Org Video Driver
[   304.894] 	ABI class: X.Org Video Driver, version 24.0
[   304.894] (II) LoadModule: "fbdev"
[   304.894] (II) Loading /usr/lib/xorg/modules/drivers/fbdev_drv.so
[   304.895] (II) Module fbdev: vendor="X.Org Foundation"
[   304.895] 	compiled for 1.20.1, module version = 0.5.0
[   304.895] 	Module class: X.Org Video Driver
[   304.895] 	ABI class: X.Org Video Driver, version 24.0
[   304.895] (II) LoadModule: "vesa"
[   304.895] (II) Loading /usr/lib/xorg/modules/drivers/vesa_drv.so
[   304.895] (II) Module vesa: vendor="X.Org Foundation"
[   304.895] 	compiled for 1.20.4, module version = 2.4.0
[   304.895] 	Module class: X.Org Video Driver
[   304.895] 	ABI class: X.Org Video Driver, version 24.0
[   304.895] (II) modesetting: Driver for Modesetting Kernel Drivers: kms
[   304.895] (II) FBDEV: driver for framebuffer: fbdev
[   304.895] (II) VESA: driver for VESA chipsets: vesa
[   304.895] xf86EnableIOPorts: failed to set IOPL for I/O (Operation not permitted)
[   304.895] (II) modeset(0): using drv /dev/dri/card0
[   304.895] (WW) Falling back to old probe method for fbdev
[   304.895] (II) Loading sub module "fbdevhw"
[   304.895] (II) LoadModule: "fbdevhw"
[   304.895] (II) Loading /usr/lib/xorg/modules/libfbdevhw.so
[   304.895] (II) Module fbdevhw: vendor="X.Org Foundation"
[   304.895] 	compiled for 1.20.5, module version = 0.0.2
[   304.895] 	ABI class: X.Org Video Driver, version 24.0
[   304.895] (EE) open /dev/fb0: Permission denied
[   304.895] (WW) VGA arbiter: cannot open kernel arbiter, no multi-card support
[   304.895] (II) modeset(0): Creating default Display subsection in Screen section
	"Default Screen Section" for depth/fbbpp 24/32
[   304.895] (==) modeset(0): Depth 24, (==) framebuffer bpp 32
[   304.895] (==) modeset(0): RGB weight 888
[   304.895] (==) modeset(0): Default visual is TrueColor
[   304.895] (II) Loading sub module "glamoregl"
[   304.895] (II) LoadModule: "glamoregl"
[   304.896] (II) Loading /usr/lib/xorg/modules/libglamoregl.so
[   304.899] (II) Module glamoregl: vendor="X.Org Foundation"
[   304.899] 	compiled for 1.20.5, module version = 1.0.1
[   304.899] 	ABI class: X.Org ANSI C Emulation, version 0.4
[   304.917] (II) modeset(0): glamor X acceleration enabled on Mesa DRI Intel(R) HD Graphics 620 (Kaby Lake GT2) 
[   304.917] (II) modeset(0): glamor initialized
[   304.967] (II) modeset(0): Output eDP-1 has no monitor section
[   304.971] (II) modeset(0): Output HDMI-1 has no monitor section
[   304.971] (II) modeset(0): Output DP-1 has no monitor section
[   305.166] (II) modeset(0): Output HDMI-2 has no monitor section
[   305.167] (II) modeset(0): EDID for output eDP-1
[   305.167] (II) modeset(0): Manufacturer: CMN  Model: 14c9  Serial#: 0
[   305.167] (II) modeset(0): Year: 2016  Week: 8
[   305.167] (II) modeset(0): EDID Version: 1.4
[   305.167] (II) modeset(0): Digital Display Input
[   305.167] (II) modeset(0): 6 bits per channel
[   305.167] (II) modeset(0): Digital interface is DisplayPort
[   305.167] (II) modeset(0): Max Image Size [cm]: horiz.: 31  vert.: 17
[   305.167] (II) modeset(0): Gamma: 2.20
[   305.167] (II) modeset(0): No DPMS capabilities specified
[   305.167] (II) modeset(0): Supported color encodings: RGB 4:4:4 
[   305.167] (II) modeset(0): First detailed timing is preferred mode
[   305.167] (II) modeset(0): Preferred mode is native pixel format and refresh rate
[   305.167] (II) modeset(0): redX: 0.590 redY: 0.350   greenX: 0.330 greenY: 0.555
[   305.167] (II) modeset(0): blueX: 0.153 blueY: 0.119   whiteX: 0.313 whiteY: 0.329
[   305.167] (II) modeset(0): Manufacturer's mask: 0
[   305.168] (II) modeset(0): Supported detailed timing:
[   305.168] (II) modeset(0): clock: 152.8 MHz   Image Size:  309 x 173 mm
[   305.168] (II) modeset(0): h_active: 1920  h_sync: 2000  h_sync_end 2060 h_blank_end 2250 h_border: 0
[   305.168] (II) modeset(0): v_active: 1080  v_sync: 1086  v_sync_end 1094 v_blanking: 1132 v_border: 0
[   305.168] (II) modeset(0):  N140HCA-EAB
[   305.168] (II) modeset(0):  CMN
[   305.168] (II) modeset(0):  N140HCA-EAB
[   305.168] (II) modeset(0): EDID (in hex):
[   305.168] (II) modeset(0): 	00ffffffffffff000daec91400000000
[   305.168] (II) modeset(0): 	081a0104951f11780228659759548e27
[   305.168] (II) modeset(0): 	1e505400000001010101010101010101
[   305.168] (II) modeset(0): 	010101010101b43b804a71383440503c
[   305.168] (II) modeset(0): 	680035ad10000018000000fe004e3134
[   305.168] (II) modeset(0): 	304843412d4541420a20000000fe0043
[   305.168] (II) modeset(0): 	4d4e0a202020202020202020000000fe
[   305.168] (II) modeset(0): 	004e3134304843412d4541420a20003e
[   305.168] (II) modeset(0): Printing probed modes for output eDP-1
[   305.168] (II) modeset(0): Modeline "1920x1080"x60.0  152.84  1920 2000 2060 2250  1080 1086 1094 1132 -hsync -vsync (67.9 kHz eP)
[   305.168] (II) modeset(0): Modeline "1920x1080"x120.0  356.38  1920 2080 2288 2656  1080 1081 1084 1118 doublescan -hsync +vsync (134.2 kHz d)
[   305.168] (II) modeset(0): Modeline "1920x1080"x119.9  266.50  1920 1944 1960 2000  1080 1081 1084 1111 doublescan +hsync -vsync (133.2 kHz d)
[   305.168] (II) modeset(0): Modeline "1920x1080"x60.0  173.00  1920 2048 2248 2576  1080 1083 1088 1120 -hsync +vsync (67.2 kHz d)
[   305.168] (II) modeset(0): Modeline "1920x1080"x59.9  138.50  1920 1968 2000 2080  1080 1083 1088 1111 +hsync -vsync (66.6 kHz d)
[   305.168] (II) modeset(0): Modeline "1680x1050"x60.0  146.25  1680 1784 1960 2240  1050 1053 1059 1089 -hsync +vsync (65.3 kHz d)
[   305.168] (II) modeset(0): Modeline "1680x1050"x59.9  119.00  1680 1728 1760 1840  1050 1053 1059 1080 +hsync -vsync (64.7 kHz d)
[   305.168] (II) modeset(0): Modeline "1600x1024"x60.2  103.12  1600 1600 1656 1664  1024 1024 1029 1030 +hsync +vsync (62.0 kHz d)
[   305.168] (II) modeset(0): Modeline "1400x1050"x60.0  122.00  1400 1488 1640 1880  1050 1052 1064 1082 +hsync +vsync (64.9 kHz d)
[   305.168] (II) modeset(0): Modeline "1600x900"x120.0  246.00  1600 1728 1900 2200  900 901 904 932 doublescan -hsync +vsync (111.8 kHz d)
[   305.168] (II) modeset(0): Modeline "1600x900"x119.9  186.50  1600 1624 1640 1680  900 901 904 926 doublescan +hsync -vsync (111.0 kHz d)
[   305.168] (II) modeset(0): Modeline "1600x900"x59.9  118.25  1600 1696 1856 2112  900 903 908 934 -hsync +vsync (56.0 kHz d)
[   305.168] (II) modeset(0): Modeline "1600x900"x59.8   97.50  1600 1648 1680 1760  900 903 908 926 +hsync -vsync (55.4 kHz d)
[   305.168] (II) modeset(0): Modeline "1280x1024"x60.0  108.00  1280 1328 1440 1688  1024 1025 1028 1066 +hsync +vsync (64.0 kHz d)
[   305.168] (II) modeset(0): Modeline "1440x900"x59.9  106.50  1440 1520 1672 1904  900 903 909 934 -hsync +vsync (55.9 kHz d)
[   305.168] (II) modeset(0): Modeline "1400x900"x60.0  103.50  1400 1480 1624 1848  900 903 913 934 -hsync +vsync (56.0 kHz d)
[   305.168] (II) modeset(0): Modeline "1400x900"x59.9   86.50  1400 1448 1480 1560  900 903 913 926 +hsync -vsync (55.4 kHz d)
[   305.168] (II) modeset(0): Modeline "1280x960"x60.0  108.00  1280 1376 1488 1800  960 961 964 1000 +hsync +vsync (60.0 kHz d)
[   305.168] (II) modeset(0): Modeline "1440x810"x120.0  198.12  1440 1548 1704 1968  810 811 814 839 doublescan -hsync +vsync (100.7 kHz d)
[   305.168] (II) modeset(0): Modeline "1440x810"x119.9  151.88  1440 1464 1480 1520  810 811 814 833 doublescan +hsync -vsync (99.9 kHz d)
[   305.168] (II) modeset(0): Modeline "1368x768"x59.9   85.25  1368 1440 1576 1784  768 771 781 798 -hsync +vsync (47.8 kHz d)
[   305.168] (II) modeset(0): Modeline "1368x768"x59.9   72.25  1368 1416 1448 1528  768 771 781 790 +hsync -vsync (47.3 kHz d)
[   305.168] (II) modeset(0): Modeline "1360x768"x59.8   84.75  1360 1432 1568 1776  768 771 781 798 -hsync +vsync (47.7 kHz d)
[   305.168] (II) modeset(0): Modeline "1360x768"x60.0   72.00  1360 1408 1440 1520  768 771 781 790 +hsync -vsync (47.4 kHz d)
[   305.168] (II) modeset(0): Modeline "1280x800"x120.0  174.25  1280 1380 1516 1752  800 801 804 829 doublescan -hsync +vsync (99.5 kHz d)
[   305.168] (II) modeset(0): Modeline "1280x800"x119.9  134.25  1280 1304 1320 1360  800 801 804 823 doublescan +hsync -vsync (98.7 kHz d)
[   305.169] (II) modeset(0): Modeline "1280x800"x59.8   83.50  1280 1352 1480 1680  800 803 809 831 -hsync +vsync (49.7 kHz d)
[   305.169] (II) modeset(0): Modeline "1280x800"x59.9   71.00  1280 1328 1360 1440  800 803 809 823 +hsync -vsync (49.3 kHz d)
[   305.169] (II) modeset(0): Modeline "1152x864"x60.0   81.62  1152 1216 1336 1520  864 865 868 895 -hsync +vsync (53.7 kHz d)
[   305.169] (II) modeset(0): Modeline "1280x720"x120.0  156.12  1280 1376 1512 1744  720 721 724 746 doublescan -hsync +vsync (89.5 kHz d)
[   305.169] (II) modeset(0): Modeline "1280x720"x120.0  120.75  1280 1304 1320 1360  720 721 724 740 doublescan +hsync -vsync (88.8 kHz d)
[   305.169] (II) modeset(0): Modeline "1280x720"x59.9   74.50  1280 1344 1472 1664  720 723 728 748 -hsync +vsync (44.8 kHz d)
[   305.169] (II) modeset(0): Modeline "1280x720"x59.7   63.75  1280 1328 1360 1440  720 723 728 741 +hsync -vsync (44.3 kHz d)
[   305.169] (II) modeset(0): Modeline "1024x768"x120.1  133.47  1024 1100 1212 1400  768 768 770 794 doublescan -hsync +vsync (95.3 kHz d)
[   305.169] (II) modeset(0): Modeline "1024x768"x60.0   65.00  1024 1048 1184 1344  768 771 777 806 -hsync -vsync (48.4 kHz d)
[   305.169] (II) modeset(0): Modeline "960x720"x120.0  117.00  960 1024 1128 1300  720 720 722 750 doublescan -hsync +vsync (90.0 kHz d)
[   305.169] (II) modeset(0): Modeline "928x696"x120.1  109.15  928 976 1088 1264  696 696 698 719 doublescan -hsync +vsync (86.4 kHz d)
[   305.169] (II) modeset(0): Modeline "896x672"x120.0  102.40  896 960 1060 1224  672 672 674 697 doublescan -hsync +vsync (83.7 kHz d)
[   305.169] (II) modeset(0): Modeline "1024x576"x119.9   98.50  1024 1092 1200 1376  576 577 580 597 doublescan -hsync +vsync (71.6 kHz d)
[   305.169] (II) modeset(0): Modeline "1024x576"x119.9   78.38  1024 1048 1064 1104  576 577 580 592 doublescan +hsync -vsync (71.0 kHz d)
[   305.169] (II) modeset(0): Modeline "1024x576"x59.9   46.50  1024 1064 1160 1296  576 579 584 599 -hsync +vsync (35.9 kHz d)
[   305.169] (II) modeset(0): Modeline "1024x576"x59.8   42.00  1024 1072 1104 1184  576 579 584 593 +hsync -vsync (35.5 kHz d)
[   305.169] (II) modeset(0): Modeline "960x600"x119.9   96.62  960 1028 1128 1296  600 601 604 622 doublescan -hsync +vsync (74.6 kHz d)
[   305.169] (II) modeset(0): Modeline "960x600"x120.0   77.00  960 984 1000 1040  600 601 604 617 doublescan +hsync -vsync (74.0 kHz d)
[   305.169] (II) modeset(0): Modeline "960x540"x119.9   86.50  960 1024 1124 1288  540 541 544 560 doublescan -hsync +vsync (67.2 kHz d)
[   305.169] (II) modeset(0): Modeline "960x540"x120.0   69.25  960 984 1000 1040  540 541 544 555 doublescan +hsync -vsync (66.6 kHz d)
[   305.169] (II) modeset(0): Modeline "960x540"x59.6   40.75  960 992 1088 1216  540 543 548 562 -hsync +vsync (33.5 kHz d)
[   305.169] (II) modeset(0): Modeline "960x540"x59.8   37.25  960 1008 1040 1120  540 543 548 556 +hsync -vsync (33.3 kHz d)
[   305.169] (II) modeset(0): Modeline "800x600"x120.0   81.00  800 832 928 1080  600 600 602 625 doublescan +hsync +vsync (75.0 kHz d)
[   305.169] (II) modeset(0): Modeline "800x600"x60.3   40.00  800 840 968 1056  600 601 605 628 +hsync +vsync (37.9 kHz d)
[   305.169] (II) modeset(0): Modeline "800x600"x56.2   36.00  800 824 896 1024  600 601 603 625 +hsync +vsync (35.2 kHz d)
[   305.169] (II) modeset(0): Modeline "840x525"x120.0   73.12  840 892 980 1120  525 526 529 544 doublescan -hsync +vsync (65.3 kHz d)
[   305.169] (II) modeset(0): Modeline "840x525"x119.8   59.50  840 864 880 920  525 526 529 540 doublescan +hsync -vsync (64.7 kHz d)
[   305.169] (II) modeset(0): Modeline "864x486"x59.9   32.50  864 888 968 1072  486 489 494 506 -hsync +vsync (30.3 kHz d)
[   305.169] (II) modeset(0): Modeline "864x486"x59.6   30.50  864 912 944 1024  486 489 494 500 +hsync -vsync (29.8 kHz d)
[   305.169] (II) modeset(0): Modeline "800x512"x120.3   51.56  800 800 828 832  512 512 514 515 doublescan +hsync +vsync (62.0 kHz d)
[   305.169] (II) modeset(0): Modeline "700x525"x120.0   61.00  700 744 820 940  525 526 532 541 doublescan +hsync +vsync (64.9 kHz d)
[   305.169] (II) modeset(0): Modeline "800x450"x119.9   59.12  800 848 928 1056  450 451 454 467 doublescan -hsync +vsync (56.0 kHz d)
[   305.169] (II) modeset(0): Modeline "800x450"x119.6   48.75  800 824 840 880  450 451 454 463 doublescan +hsync -vsync (55.4 kHz d)
[   305.169] (II) modeset(0): Modeline "640x512"x120.0   54.00  640 664 720 844  512 512 514 533 doublescan +hsync +vsync (64.0 kHz d)
[   305.169] (II) modeset(0): Modeline "720x450"x119.8   53.25  720 760 836 952  450 451 454 467 doublescan -hsync +vsync (55.9 kHz d)
[   305.169] (II) modeset(0): Modeline "700x450"x119.9   51.75  700 740 812 924  450 451 456 467 doublescan -hsync +vsync (56.0 kHz d)
[   305.169] (II) modeset(0): Modeline "700x450"x119.8   43.25  700 724 740 780  450 451 456 463 doublescan +hsync -vsync (55.4 kHz d)
[   305.169] (II) modeset(0): Modeline "640x480"x120.0   54.00  640 688 744 900  480 480 482 500 doublescan +hsync +vsync (60.0 kHz d)
[   305.169] (II) modeset(0): Modeline "640x480"x59.9   25.18  640 656 752 800  480 490 492 525 -hsync -vsync (31.5 kHz d)
[   305.169] (II) modeset(0): Modeline "720x405"x59.5   22.50  720 744 808 896  405 408 413 422 -hsync +vsync (25.1 kHz d)
[   305.169] (II) modeset(0): Modeline "720x405"x59.0   21.75  720 768 800 880  405 408 413 419 +hsync -vsync (24.7 kHz d)
[   305.169] (II) modeset(0): Modeline "684x384"x119.8   42.62  684 720 788 892  384 385 390 399 doublescan -hsync +vsync (47.8 kHz d)
[   305.169] (II) modeset(0): Modeline "684x384"x119.7   36.12  684 708 724 764  384 385 390 395 doublescan +hsync -vsync (47.3 kHz d)
[   305.169] (II) modeset(0): Modeline "680x384"x119.6   42.38  680 716 784 888  384 385 390 399 doublescan -hsync +vsync (47.7 kHz d)
[   305.169] (II) modeset(0): Modeline "680x384"x119.9   36.00  680 704 720 760  384 385 390 395 doublescan +hsync -vsync (47.4 kHz d)
[   305.169] (II) modeset(0): Modeline "640x400"x119.8   41.75  640 676 740 840  400 401 404 415 doublescan -hsync +vsync (49.7 kHz d)
[   305.169] (II) modeset(0): Modeline "640x400"x120.0   35.50  640 664 680 720  400 401 404 411 doublescan +hsync -vsync (49.3 kHz d)
[   305.169] (II) modeset(0): Modeline "576x432"x120.1   40.81  576 608 668 760  432 432 434 447 doublescan -hsync +vsync (53.7 kHz d)
[   305.169] (II) modeset(0): Modeline "640x360"x119.7   37.25  640 672 736 832  360 361 364 374 doublescan -hsync +vsync (44.8 kHz d)
[   305.169] (II) modeset(0): Modeline "640x360"x119.7   31.88  640 664 680 720  360 361 364 370 doublescan +hsync -vsync (44.3 kHz d)
[   305.169] (II) modeset(0): Modeline "640x360"x59.8   18.00  640 664 720 800  360 363 368 376 -hsync +vsync (22.5 kHz d)
[   305.169] (II) modeset(0): Modeline "640x360"x59.3   17.75  640 688 720 800  360 363 368 374 +hsync -vsync (22.2 kHz d)
[   305.169] (II) modeset(0): Modeline "512x384"x120.0   32.50  512 524 592 672  384 385 388 403 doublescan -hsync -vsync (48.4 kHz d)
[   305.169] (II) modeset(0): Modeline "512x288"x120.0   23.25  512 532 580 648  288 289 292 299 doublescan -hsync +vsync (35.9 kHz d)
[   305.169] (II) modeset(0): Modeline "512x288"x119.8   21.00  512 536 552 592  288 289 292 296 doublescan +hsync -vsync (35.5 kHz d)
[   305.169] (II) modeset(0): Modeline "480x270"x119.3   20.38  480 496 544 608  270 271 274 281 doublescan -hsync +vsync (33.5 kHz d)
[   305.169] (II) modeset(0): Modeline "480x270"x119.6   18.62  480 504 520 560  270 271 274 278 doublescan +hsync -vsync (33.3 kHz d)
[   305.169] (II) modeset(0): Modeline "400x300"x120.6   20.00  400 420 484 528  300 300 302 314 doublescan +hsync +vsync (37.9 kHz d)
[   305.169] (II) modeset(0): Modeline "400x300"x112.7   18.00  400 412 448 512  300 300 301 312 doublescan +hsync +vsync (35.2 kHz d)
[   305.169] (II) modeset(0): Modeline "432x243"x119.8   16.25  432 444 484 536  243 244 247 253 doublescan -hsync +vsync (30.3 kHz d)
[   305.169] (II) modeset(0): Modeline "432x243"x119.1   15.25  432 456 472 512  243 244 247 250 doublescan +hsync -vsync (29.8 kHz d)
[   305.169] (II) modeset(0): Modeline "320x240"x120.1   12.59  320 328 376 400  240 245 246 262 doublescan -hsync -vsync (31.5 kHz d)
[   305.169] (II) modeset(0): Modeline "360x202"x119.0   11.25  360 372 404 448  202 204 206 211 doublescan -hsync +vsync (25.1 kHz d)
[   305.169] (II) modeset(0): Modeline "360x202"x118.3   10.88  360 384 400 440  202 204 206 209 doublescan +hsync -vsync (24.7 kHz d)
[   305.170] (II) modeset(0): Modeline "320x180"x119.7    9.00  320 332 360 400  180 181 184 188 doublescan -hsync +vsync (22.5 kHz d)
[   305.170] (II) modeset(0): Modeline "320x180"x118.6    8.88  320 344 360 400  180 181 184 187 doublescan +hsync -vsync (22.2 kHz d)
[   305.173] (II) modeset(0): EDID for output HDMI-1
[   305.173] (II) modeset(0): EDID for output DP-1
[   305.370] (II) modeset(0): EDID for output HDMI-2
[   305.370] (II) modeset(0): Output eDP-1 connected
[   305.370] (II) modeset(0): Output HDMI-1 disconnected
[   305.370] (II) modeset(0): Output DP-1 disconnected
[   305.370] (II) modeset(0): Output HDMI-2 disconnected
[   305.370] (II) modeset(0): Using exact sizes for initial modes
[   305.370] (II) modeset(0): Output eDP-1 using initial mode 1920x1080 +0+0
[   305.370] (==) modeset(0): Using gamma correction (1.0, 1.0, 1.0)
[   305.370] (==) modeset(0): DPI set to (96, 96)
[   305.370] (II) Loading sub module "fb"
[   305.370] (II) LoadModule: "fb"
[   305.370] (II) Loading /usr/lib/xorg/modules/libfb.so
[   305.371] (II) Module fb: vendor="X.Org Foundation"
[   305.371] 	compiled for 1.20.5, module version = 1.0.0
[   305.371] 	ABI class: X.Org ANSI C Emulation, version 0.4
[   305.371] (II) UnloadModule: "fbdev"
[   305.371] (II) Unloading fbdev
[   305.371] (II) UnloadSubModule: "fbdevhw"
[   305.371] (II) Unloading fbdevhw
[   305.371] (II) UnloadModule: "vesa"
[   305.371] (II) Unloading vesa
[   305.445] (==) modeset(0): Backing store enabled
[   305.445] (==) modeset(0): Silken mouse enabled
[   305.498] (II) modeset(0): Initializing kms color map for depth 24, 8 bpc.
[   305.498] (==) modeset(0): DPMS enabled
[   305.499] (II) modeset(0): [DRI2] Setup complete
[   305.499] (II) modeset(0): [DRI2]   DRI driver: i965
[   305.499] (II) modeset(0): [DRI2]   VDPAU driver: va_gl
[   305.499] (II) Initializing extension Generic Event Extension
[   305.500] (II) Initializing extension SHAPE
[   305.500] (II) Initializing extension MIT-SHM
[   305.501] (II) Initializing extension XInputExtension
[   305.501] (II) Initializing extension XTEST
[   305.502] (II) Initializing extension BIG-REQUESTS
[   305.502] (II) Initializing extension SYNC
[   305.503] (II) Initializing extension XKEYBOARD
[   305.503] (II) Initializing extension XC-MISC
[   305.504] (II) Initializing extension SECURITY
[   305.504] (II) Initializing extension XFIXES
[   305.505] (II) Initializing extension RENDER
[   305.505] (II) Initializing extension RANDR
[   305.506] (II) Initializing extension COMPOSITE
[   305.506] (II) Initializing extension DAMAGE
[   305.507] (II) Initializing extension MIT-SCREEN-SAVER
[   305.507] (II) Initializing extension DOUBLE-BUFFER
[   305.508] (II) Initializing extension RECORD
[   305.508] (II) Initializing extension DPMS
[   305.509] (II) Initializing extension Present
[   305.509] (II) Initializing extension DRI3
[   305.510] (II) Initializing extension X-Resource
[   305.510] (II) Initializing extension XVideo
[   305.511] (II) Initializing extension XVideo-MotionCompensation
[   305.511] (II) Initializing extension SELinux
[   305.511] (II) SELinux: Disabled on system
[   305.511] (II) Initializing extension GLX
[   305.526] (II) AIGLX: Loaded and initialized i965
[   305.526] (II) GLX: Initialized DRI2 GL provider for screen 0
[   305.526] (II) Initializing extension XFree86-VidModeExtension
[   305.527] (II) Initializing extension XFree86-DGA
[   305.527] (II) Initializing extension XFree86-DRI
[   305.527] (II) Initializing extension DRI2
[   305.531] (II) modeset(0): Damage tracking initialized
[   305.531] (II) modeset(0): Setting screen physical size to 508 x 285
[   305.573] (II) config/udev: Adding input device Power Button (/dev/input/event2)
[   305.574] (**) Power Button: Applying InputClass "libinput keyboard catchall"
[   305.574] (II) LoadModule: "libinput"
[   305.574] (II) Loading /usr/lib/xorg/modules/input/libinput_drv.so
[   305.575] (II) Module libinput: vendor="X.Org Foundation"
[   305.575] 	compiled for 1.20.4, module version = 0.29.0
[   305.575] 	Module class: X.Org XInput Driver
[   305.575] 	ABI class: X.Org XInput driver, version 24.1
[   305.575] (II) Using input driver 'libinput' for 'Power Button'
[   305.576] (II) systemd-logind: got fd for /dev/input/event2 13:66 fd 21 paused 0
[   305.576] (**) Power Button: always reports core events
[   305.576] (**) Option "Device" "/dev/input/event2"
[   305.576] (**) Option "_source" "server/udev"
[   305.578] (II) event2  - Power Button: is tagged by udev as: Keyboard
[   305.578] (II) event2  - Power Button: device is a keyboard
[   305.578] (II) event2  - Power Button: device removed
[   305.578] (**) Option "config_info" "udev:/sys/devices/LNXSYSTM:00/LNXPWRBN:00/input/input2/event2"
[   305.578] (II) XINPUT: Adding extended input device "Power Button" (type: KEYBOARD, id 6)
[   305.578] (**) Option "xkb_layout" "de"
[   305.596] (II) event2  - Power Button: is tagged by udev as: Keyboard
[   305.596] (II) event2  - Power Button: device is a keyboard
[   305.597] (II) config/udev: Adding input device Video Bus (/dev/input/event4)
[   305.597] (**) Video Bus: Applying InputClass "libinput keyboard catchall"
[   305.597] (II) Using input driver 'libinput' for 'Video Bus'
[   305.598] (II) systemd-logind: got fd for /dev/input/event4 13:68 fd 24 paused 0
[   305.598] (**) Video Bus: always reports core events
[   305.598] (**) Option "Device" "/dev/input/event4"
[   305.598] (**) Option "_source" "server/udev"
[   305.599] (II) event4  - Video Bus: is tagged by udev as: Keyboard
[   305.599] (II) event4  - Video Bus: device is a keyboard
[   305.599] (II) event4  - Video Bus: device removed
[   305.599] (**) Option "config_info" "udev:/sys/devices/LNXSYSTM:00/LNXSYBUS:00/PNP0A08:00/LNXVIDEO:00/input/input6/event4"
[   305.599] (II) XINPUT: Adding extended input device "Video Bus" (type: KEYBOARD, id 7)
[   305.599] (**) Option "xkb_layout" "de"
[   305.600] (II) event4  - Video Bus: is tagged by udev as: Keyboard
[   305.600] (II) event4  - Video Bus: device is a keyboard
[   305.601] (II) config/udev: Adding input device Lid Switch (/dev/input/event0)
[   305.601] (II) No input driver specified, ignoring this device.
[   305.601] (II) This device may have been added with another device file.
[   305.601] (II) config/udev: Adding input device Sleep Button (/dev/input/event1)
[   305.601] (**) Sleep Button: Applying InputClass "libinput keyboard catchall"
[   305.601] (II) Using input driver 'libinput' for 'Sleep Button'
[   305.602] (II) systemd-logind: got fd for /dev/input/event1 13:65 fd 25 paused 0
[   305.602] (**) Sleep Button: always reports core events
[   305.602] (**) Option "Device" "/dev/input/event1"
[   305.602] (**) Option "_source" "server/udev"
[   305.603] (II) event1  - Sleep Button: is tagged by udev as: Keyboard
[   305.603] (II) event1  - Sleep Button: device is a keyboard
[   305.604] (II) event1  - Sleep Button: device removed
[   305.604] (**) Option "config_info" "udev:/sys/devices/LNXSYSTM:00/LNXSYBUS:00/PNP0C0E:00/input/input1/event1"
[   305.604] (II) XINPUT: Adding extended input device "Sleep Button" (type: KEYBOARD, id 8)
[   305.604] (**) Option "xkb_layout" "de"
[   305.605] (II) event1  - Sleep Button: is tagged by udev as: Keyboard
[   305.605] (II) event1  - Sleep Button: device is a keyboard
[   305.606] (II) config/udev: Adding input device Integrated Camera: Integrated C (/dev/input/event7)
[   305.606] (**) Integrated Camera: Integrated C: Applying InputClass "libinput keyboard catchall"
[   305.606] (II) Using input driver 'libinput' for 'Integrated Camera: Integrated C'
[   305.606] (II) systemd-logind: got fd for /dev/input/event7 13:71 fd 26 paused 0
[   305.606] (**) Integrated Camera: Integrated C: always reports core events
[   305.606] (**) Option "Device" "/dev/input/event7"
[   305.606] (**) Option "_source" "server/udev"
[   305.608] (II) event7  - Integrated Camera: Integrated C: is tagged by udev as: Keyboard
[   305.608] (II) event7  - Integrated Camera: Integrated C: device is a keyboard
[   305.608] (II) event7  - Integrated Camera: Integrated C: device removed
[   305.608] (**) Option "config_info" "udev:/sys/devices/pci0000:00/0000:00:14.0/usb1/1-7/1-7:1.0/input/input9/event7"
[   305.608] (II) XINPUT: Adding extended input device "Integrated Camera: Integrated C" (type: KEYBOARD, id 9)
[   305.608] (**) Option "xkb_layout" "de"
[   305.609] (II) event7  - Integrated Camera: Integrated C: is tagged by udev as: Keyboard
[   305.609] (II) event7  - Integrated Camera: Integrated C: device is a keyboard
[   305.610] (II) config/udev: Adding input device HDA Intel PCH Mic (/dev/input/event8)
[   305.610] (II) No input driver specified, ignoring this device.
[   305.610] (II) This device may have been added with another device file.
[   305.610] (II) config/udev: Adding input device HDA Intel PCH Headphone (/dev/input/event9)
[   305.610] (II) No input driver specified, ignoring this device.
[   305.610] (II) This device may have been added with another device file.
[   305.611] (II) config/udev: Adding input device HDA Intel PCH HDMI/DP,pcm=3 (/dev/input/event10)
[   305.611] (II) No input driver specified, ignoring this device.
[   305.611] (II) This device may have been added with another device file.
[   305.611] (II) config/udev: Adding input device HDA Intel PCH HDMI/DP,pcm=7 (/dev/input/event11)
[   305.611] (II) No input driver specified, ignoring this device.
[   305.611] (II) This device may have been added with another device file.
[   305.611] (II) config/udev: Adding input device HDA Intel PCH HDMI/DP,pcm=8 (/dev/input/event12)
[   305.611] (II) No input driver specified, ignoring this device.
[   305.611] (II) This device may have been added with another device file.
[   305.612] (II) config/udev: Adding input device HDA Intel PCH HDMI/DP,pcm=9 (/dev/input/event13)
[   305.612] (II) No input driver specified, ignoring this device.
[   305.612] (II) This device may have been added with another device file.
[   305.612] (II) config/udev: Adding input device HDA Intel PCH HDMI/DP,pcm=10 (/dev/input/event14)
[   305.612] (II) No input driver specified, ignoring this device.
[   305.612] (II) This device may have been added with another device file.
[   305.613] (II) config/udev: Adding input device AT Translated Set 2 keyboard (/dev/input/event3)
[   305.613] (**) AT Translated Set 2 keyboard: Applying InputClass "libinput keyboard catchall"
[   305.613] (II) Using input driver 'libinput' for 'AT Translated Set 2 keyboard'
[   305.613] (II) systemd-logind: got fd for /dev/input/event3 13:67 fd 27 paused 0
[   305.613] (**) AT Translated Set 2 keyboard: always reports core events
[   305.613] (**) Option "Device" "/dev/input/event3"
[   305.613] (**) Option "_source" "server/udev"
[   305.615] (II) event3  - AT Translated Set 2 keyboard: is tagged by udev as: Keyboard
[   305.615] (II) event3  - AT Translated Set 2 keyboard: device is a keyboard
[   305.615] (II) event3  - AT Translated Set 2 keyboard: device removed
[   305.615] (**) Option "config_info" "udev:/sys/devices/platform/i8042/serio0/input/input3/event3"
[   305.615] (II) XINPUT: Adding extended input device "AT Translated Set 2 keyboard" (type: KEYBOARD, id 10)
[   305.615] (**) Option "xkb_layout" "de"
[   305.616] (II) event3  - AT Translated Set 2 keyboard: is tagged by udev as: Keyboard
[   305.616] (II) event3  - AT Translated Set 2 keyboard: device is a keyboard
[   305.617] (II) config/udev: Adding input device SynPS/2 Synaptics TouchPad (/dev/input/event5)
[   305.617] (**) SynPS/2 Synaptics TouchPad: Applying InputClass "libinput touchpad catchall"
[   305.617] (II) Using input driver 'libinput' for 'SynPS/2 Synaptics TouchPad'
[   305.618] (II) systemd-logind: got fd for /dev/input/event5 13:69 fd 28 paused 0
[   305.618] (**) SynPS/2 Synaptics TouchPad: always reports core events
[   305.618] (**) Option "Device" "/dev/input/event5"
[   305.618] (**) Option "_source" "server/udev"
[   305.619] (II) event5  - SynPS/2 Synaptics TouchPad: is tagged by udev as: Touchpad
[   305.621] (II) event5  - SynPS/2 Synaptics TouchPad: device is a touchpad
[   305.621] (II) event5  - SynPS/2 Synaptics TouchPad: device removed
[   305.621] (**) Option "config_info" "udev:/sys/devices/platform/i8042/serio1/input/input5/event5"
[   305.621] (II) XINPUT: Adding extended input device "SynPS/2 Synaptics TouchPad" (type: TOUCHPAD, id 11)
[   305.622] (**) Option "AccelerationScheme" "none"
[   305.622] (**) SynPS/2 Synaptics TouchPad: (accel) selected scheme none/0
[   305.622] (**) SynPS/2 Synaptics TouchPad: (accel) acceleration factor: 2.000
[   305.622] (**) SynPS/2 Synaptics TouchPad: (accel) acceleration threshold: 4
[   305.623] (II) event5  - SynPS/2 Synaptics TouchPad: is tagged by udev as: Touchpad
[   305.624] (II) event5  - SynPS/2 Synaptics TouchPad: device is a touchpad
[   305.625] (II) config/udev: Adding input device SynPS/2 Synaptics TouchPad (/dev/input/mouse0)
[   305.625] (II) No input driver specified, ignoring this device.
[   305.625] (II) This device may have been added with another device file.
[   305.625] (II) config/udev: Adding input device TPPS/2 IBM TrackPoint (/dev/input/event6)
[   305.625] (**) TPPS/2 IBM TrackPoint: Applying InputClass "libinput pointer catchall"
[   305.625] (II) Using input driver 'libinput' for 'TPPS/2 IBM TrackPoint'
[   305.626] (II) systemd-logind: got fd for /dev/input/event6 13:70 fd 29 paused 0
[   305.626] (**) TPPS/2 IBM TrackPoint: always reports core events
[   305.626] (**) Option "Device" "/dev/input/event6"
[   305.626] (**) Option "_source" "server/udev"
[   305.628] (II) event6  - TPPS/2 IBM TrackPoint: is tagged by udev as: Mouse Pointingstick
[   305.628] (II) event6  - TPPS/2 IBM TrackPoint: device is a pointer
[   305.629] (II) event6  - TPPS/2 IBM TrackPoint: device removed
[   305.629] (**) Option "config_info" "udev:/sys/devices/platform/i8042/serio1/serio2/input/input7/event6"
[   305.629] (II) XINPUT: Adding extended input device "TPPS/2 IBM TrackPoint" (type: MOUSE, id 12)
[   305.629] (**) Option "AccelerationScheme" "none"
[   305.629] (**) TPPS/2 IBM TrackPoint: (accel) selected scheme none/0
[   305.629] (**) TPPS/2 IBM TrackPoint: (accel) acceleration factor: 2.000
[   305.629] (**) TPPS/2 IBM TrackPoint: (accel) acceleration threshold: 4
[   305.631] (II) event6  - TPPS/2 IBM TrackPoint: is tagged by udev as: Mouse Pointingstick
[   305.631] (II) event6  - TPPS/2 IBM TrackPoint: device is a pointer
[   305.632] (II) config/udev: Adding input device TPPS/2 IBM TrackPoint (/dev/input/mouse1)
[   305.632] (II) No input driver specified, ignoring this device.
[   305.632] (II) This device may have been added with another device file.
[   305.634] (II) config/udev: Adding input device ThinkPad Extra Buttons (/dev/input/event15)
[   305.634] (**) ThinkPad Extra Buttons: Applying InputClass "libinput keyboard catchall"
[   305.634] (II) Using input driver 'libinput' for 'ThinkPad Extra Buttons'
[   305.635] (II) systemd-logind: got fd for /dev/input/event15 13:79 fd 30 paused 0
[   305.635] (**) ThinkPad Extra Buttons: always reports core events
[   305.635] (**) Option "Device" "/dev/input/event15"
[   305.635] (**) Option "_source" "server/udev"
[   305.636] (II) event15 - ThinkPad Extra Buttons: is tagged by udev as: Keyboard Switch
[   305.637] (II) event15 - ThinkPad Extra Buttons: device is a keyboard
[   305.637] (II) event15 - ThinkPad Extra Buttons: device removed
[   305.637] (**) Option "config_info" "udev:/sys/devices/platform/thinkpad_acpi/input/input8/event15"
[   305.637] (II) XINPUT: Adding extended input device "ThinkPad Extra Buttons" (type: KEYBOARD, id 13)
[   305.637] (**) Option "xkb_layout" "de"
[   305.638] (II) event15 - ThinkPad Extra Buttons: is tagged by udev as: Keyboard Switch
[   305.638] (II) event15 - ThinkPad Extra Buttons: device is a keyboard
[   306.343] (II) modeset(0): EDID vendor "CMN", prod id 5321
[   306.343] (II) modeset(0): Printing DDC gathered Modelines:
[   306.343] (II) modeset(0): Modeline "1920x1080"x0.0  152.84  1920 2000 2060 2250  1080 1086 1094 1132 -hsync -vsync (67.9 kHz eP)
[   311.023] (II) modeset(0): EDID vendor "CMN", prod id 5321
[   311.023] (II) modeset(0): Printing DDC gathered Modelines:
[   311.023] (II) modeset(0): Modeline "1920x1080"x0.0  152.84  1920 2000 2060 2250  1080 1086 1094 1132 -hsync -vsync (67.9 kHz eP)
[   311.241] (II) modeset(0): EDID vendor "CMN", prod id 5321
[   311.241] (II) modeset(0): Printing DDC gathered Modelines:
[   311.241] (II) modeset(0): Modeline "1920x1080"x0.0  152.84  1920 2000 2060 2250  1080 1086 1094 1132 -hsync -vsync (67.9 kHz eP)
[   311.452] (II) modeset(0): EDID vendor "CMN", prod id 5321
[   311.452] (II) modeset(0): Printing DDC gathered Modelines:
[   311.452] (II) modeset(0): Modeline "1920x1080"x0.0  152.84  1920 2000 2060 2250  1080 1086 1094 1132 -hsync -vsync (67.9 kHz eP)
[   311.775] (II) modeset(0): EDID vendor "CMN", prod id 5321
[   311.775] (II) modeset(0): Printing DDC gathered Modelines:
[   311.775] (II) modeset(0): Modeline "1920x1080"x0.0  152.84  1920 2000 2060 2250  1080 1086 1094 1132 -hsync -vsync (67.9 kHz eP)
[   342.320] (II) modeset(0): EDID vendor "CMN", prod id 5321
[   342.320] (II) modeset(0): Printing DDC gathered Modelines:
[   342.320] (II) modeset(0): Modeline "1920x1080"x0.0  152.84  1920 2000 2060 2250  1080 1086 1094 1132 -hsync -vsync (67.9 kHz eP)
[  1631.936] (**) Option "fd" "21"
[  1631.936] (II) event2  - Power Button: device removed
[  1631.936] (**) Option "fd" "24"
[  1631.936] (II) event4  - Video Bus: device removed
[  1631.936] (**) Option "fd" "25"
[  1631.936] (II) event1  - Sleep Button: device removed
[  1631.936] (**) Option "fd" "26"
[  1631.936] (II) event7  - Integrated Camera: Integrated C: device removed
[  1631.936] (**) Option "fd" "27"
[  1631.936] (II) event3  - AT Translated Set 2 keyboard: device removed
[  1631.936] (**) Option "fd" "28"
[  1631.936] (II) event5  - SynPS/2 Synaptics TouchPad: device removed
[  1631.936] (**) Option "fd" "29"
[  1631.936] (II) event6  - TPPS/2 IBM TrackPoint: device removed
[  1631.936] (**) Option "fd" "30"
[  1631.936] (II) event15 - ThinkPad Extra Buttons: device removed
[  1631.951] (II) UnloadModule: "libinput"
[  1631.951] (II) systemd-logind: releasing fd for 13:79
[  1632.134] (II) UnloadModule: "libinput"
[  1632.134] (II) systemd-logind: releasing fd for 13:70
[  1632.179] (II) UnloadModule: "libinput"
[  1632.179] (II) systemd-logind: releasing fd for 13:69
[  1632.183] (II) UnloadModule: "libinput"
[  1632.183] (II) systemd-logind: releasing fd for 13:67
[  1632.184] (II) UnloadModule: "libinput"
[  1632.184] (II) systemd-logind: releasing fd for 13:71
[  1632.185] (II) UnloadModule: "libinput"
[  1632.185] (II) systemd-logind: releasing fd for 13:65
[  1632.186] (II) UnloadModule: "libinput"
[  1632.186] (II) systemd-logind: releasing fd for 13:68
[  1632.186] (II) UnloadModule: "libinput"
[  1632.186] (II) systemd-logind: releasing fd for 13:66
[  1632.200] (WW) xf86CloseConsole: KDSETMODE failed: Input/output error
[  1632.200] (WW) xf86CloseConsole: VT_GETMODE failed: Input/output error
[  1632.200] (WW) xf86CloseConsole: VT_ACTIVATE failed: Input/output error
[  1632.201] (II) Server terminated successfully (0). Closing log file.
